# Bundle file v0.3
9 583
0 0 0
0 0 0
0 0 0
0 0 0
0 0 0
0 0 0
0 0 0
0 0 0
0 0 0
0 0 0
0 0 0
0 0 0
0 0 0
0 0 0
0 0 0
0 0 0
0 0 0
0 0 0
0 0 0
0 0 0
0 0 0
0 0 0
0 0 0
0 0 0
0 0 0
0 0 0
0 0 0
0 0 0
0 0 0
0 0 0
6.7190437171e+02 -5.9569386271e-02 -1.9285316703e-02
9.9999737485e-01 -1.4103835181e-03 1.8058570372e-03
1.4233062092e-03 9.9997324778e-01 -7.1748124286e-03
-1.7956894893e-03 7.1773638812e-03 9.9997263010e-01
1.0749259287e-02 -6.0301076504e-02 -9.7342228965e-03
6.7465075303e+02 -6.5936914313e-02 1.1931597104e-04
9.9703820647e-01 5.0397020309e-02 5.8094364443e-02
-4.6968754874e-02 9.9715599650e-01 -5.8939415560e-02
-6.0899514790e-02 5.6036229217e-02 9.9656971162e-01
5.9565371721e-01 -7.6129472266e-01 -4.3193789810e-01
0 0 0
0 0 0
0 0 0
0 0 0
0 0 0
2.2050359883e+00 -8.6397330886e-01 -6.2053687698e+00
177 153 53
2 6 1167 235.9520 -93.7320 7 1210 234.5840 -133.5860
2.2105117122e+00 -7.6341082782e-01 -6.2323046632e+00
215 190 72
2 6 2322 235.6280 -82.6120 7 2147 234.7800 -123.2910
1.9060039777e+00 -1.1455595935e+00 -6.7946344905e+00
204 181 69
2 6 3067 186.6030 -113.1000 7 2186 185.2780 -144.2890
2.1977507966e+00 -8.0192371586e-01 -6.2337296533e+00
216 192 82
2 6 1156 234.1840 -86.7130 7 1194 233.2640 -126.9070
1.9121749929e+00 -1.1082832151e+00 -6.8086629142e+00
40 28 0
2 6 1204 186.9180 -109.1660 7 1227 185.5640 -140.7220
-6.1692675089e-01 2.1589399639e+00 -9.8582232478e+00
29 26 27
2 6 364 -42.7090 147.3625 7 415 -32.1210 133.4230
-3.2759844353e+00 3.6131353962e+00 -1.1725425630e+01
133 53 23
2 6 1711 -186.8640 206.2555 7 173 -180.4890 209.8669
-3.1768321524e+00 3.5410371991e+00 -1.1592726699e+01
141 75 64
2 6 183 -183.4040 204.4263 7 184 -176.4690 207.3593
-4.4312757314e+00 3.6905731470e+00 -1.1419538106e+01
132 77 67
2 6 100 -257.8211 214.8846 7 1543 -251.5919 222.3366
-5.1906828717e+00 3.7207753998e+00 -1.1208997807e+01
115 40 24
2 6 1677 -306.0891 219.3971 7 1528 -300.4142 229.6683
2.3024960571e+00 -1.2914007332e+00 -5.9580042795e+00
212 157 54
2 6 1287 255.5800 -144.9100 7 1349 250.6470 -182.4030
2.3024960571e+00 -1.2914007332e+00 -5.9580042795e+00
212 157 54
2 6 1286 255.5800 -144.9100 7 1348 250.6470 -182.4030
-1.4833443376e+00 3.1840006874e+00 -1.0953527226e+01
66 18 8
2 6 1742 -91.2870 195.3925 7 238 -82.3290 189.2760
-1.7822241656e+00 3.2796354491e+00 -1.0995575537e+01
97 45 18
2 6 1730 -109.0400 200.3193 7 1588 -99.9750 195.5506
-1.4648401334e+00 3.1084236361e+00 -1.1098608596e+01
72 24 13
2 6 1762 -89.0680 188.3804 7 260 -80.8420 182.8183
2.3608285511e+00 1.6474447426e+00 -5.5432031613e+00
194 169 114
2 6 3747 280.6160 193.9240 7 3171 299.9770 121.4770
-1.8539256487e+00 3.2716508448e+00 -1.1104840151e+01
28 14 15
2 6 2639 -112.3520 197.8634 7 2382 -103.6550 193.8738
-1.8174684295e+00 3.1640579734e+00 -1.1204683924e+01
29 15 12
2 6 2649 -109.3410 189.7204 7 1601 -101.1150 186.1106
-1.7731343508e+00 3.1623210786e+00 -1.1427248934e+01
94 45 21
2 6 2657 -104.3160 186.3986 7 1603 -97.7390 182.7760
2.5270213040e+00 -4.6898654012e-01 -5.4155947865e+00
225 182 186
2 6 3671 308.2310 -59.3360 7 3284 306.7730 -113.6200
2.5270213040e+00 -4.6898654012e-01 -5.4155947865e+00
225 182 186
2 6 3670 308.2310 -59.3360 7 3283 306.7730 -113.6200
2.1713192454e+00 -8.2260363686e-01 -6.3369246118e+00
220 192 75
2 6 2331 227.6280 -87.4850 7 2153 226.7770 -126.3230
2.3739837301e+00 1.7024651471e+00 -5.5428082613e+00
192 142 49
2 6 2638 282.2140 200.4935 7 1720 301.5630 127.3810
2.5261161354e+00 -4.0376979051e-01 -5.4179939624e+00
234 182 181
2 6 1076 308.0520 -51.3730 7 1144 307.1500 -106.4630
2.4847885394e+00 1.0466626000e+00 -5.4436036240e+00
214 183 107
2 6 429 301.7180 125.0230 7 638 313.4850 54.1860
1.9121749929e+00 -1.1082832151e+00 -6.8086629142e+00
40 28 0
2 6 1203 186.9180 -109.1660 7 1226 185.5640 -140.7220
2.2150004168e+00 -6.8305514190e-01 -6.1925906847e+00
215 189 74
2 6 3023 237.6100 -74.5920 7 2722 237.4190 -116.4250
2.1887447758e+00 -8.7655885159e-01 -6.2516764430e+00
221 196 81
2 6 2350 232.6180 -94.2870 7 2172 231.0520 -133.6830
2.1887447758e+00 -8.7655885159e-01 -6.2516764430e+00
221 196 81
2 6 2349 232.6180 -94.2870 7 2171 231.0520 -133.6830
2.1371507480e+00 -9.3119650023e-01 -6.3351032298e+00
213 187 80
2 6 2357 224.2350 -98.7610 7 2179 222.6990 -136.6830
-1.3367118782e+00 3.0933184873e+00 -1.1157143847e+01
44 11 9
2 6 1769 -80.8640 186.6433 7 1609 -73.1330 180.6720
-9.4290362200e-01 5.1330966594e-01 -4.5792761521e+00
255 254 254
2 6 3328 -137.4750 70.8380 7 2985 -80.3110 8.8460
2.1612081172e+00 -1.0684775398e+00 -6.3854527542e+00
213 188 63
2 6 3838 224.7740 -112.2090 7 3431 222.1370 -148.3050
3.4779437896e-01 3.2920267980e+00 -1.0263330104e+01
14 14 13
2 6 105 21.7630 215.2382 7 216 32.8020 198.7538
-1.3385412394e+00 3.0596254182e+00 -1.1256674837e+01
66 29 12
2 6 272 -80.2400 183.0990 7 278 -73.0870 177.4418
6.4903447896e-01 1.7757585244e+00 -5.7764713429e+00
162 20 29
2 6 189 74.7560 203.1893 7 367 109.2140 144.5604
2.4087468701e+00 1.8000872512e+00 -5.5097441077e+00
192 163 77
2 6 1693 287.5070 212.9742 7 388 307.8870 138.5360
2.4803160889e+00 1.3613005663e+00 -5.4905709932e+00
204 175 103
2 6 1814 298.0000 161.5349 7 535 312.9900 89.2060
5.0646512467e-01 1.1178588785e+00 -5.5686241124e+00
145 33 57
2 6 407 60.7020 131.9910 7 572 94.4210 74.5140
-7.5384386456e-01 7.9979521253e-01 -4.5697295170e+00
221 159 171
2 6 474 -110.2510 112.9040 7 657 -52.4370 47.0010
5.4523549755e-01 1.0207580181e+00 -5.5432217683e+00
209 138 156
2 6 440 65.7630 120.9230 7 607 98.6350 63.3230
1.5674670167e+00 1.0912586136e+00 -5.2199856853e+00
159 96 109
2 6 1840 199.9710 136.6060 7 601 225.4300 66.1700
-8.8863682670e-01 6.6529207249e-01 -4.5539836936e+00
236 199 216
2 6 552 -130.3480 93.4810 7 717 -72.0110 29.3440
-1.3080329860e-01 6.0549210909e-01 -5.3475756707e+00
209 177 194
2 6 621 -16.4540 73.1050 7 753 21.9160 19.3890
5.5561965152e-02 6.1551682762e-01 -5.3515200476e+00
237 225 237
2 6 613 6.9390 74.3640 7 754 43.7160 19.4860
2.4728791188e+00 7.0118707692e-01 -5.5283435457e+00
216 181 106
2 6 1972 295.7670 81.7620 7 763 305.2430 16.3240
6.3043440748e-01 -3.8727851326e-01 -5.5528971492e+00
188 26 46
2 6 1064 76.1030 -49.1120 7 1106 98.5640 -94.8230
6.3043440748e-01 -3.8727851326e-01 -5.5528971492e+00
188 26 46
2 6 1063 76.1030 -49.1120 7 1107 98.5640 -94.8230
2.5413656634e+00 -3.0472114470e-01 -5.3153974917e+00
216 77 126
2 6 1033 315.6330 -40.1920 7 1113 315.5920 -97.9220
2.1977507966e+00 -8.0192371586e-01 -6.2337296533e+00
216 192 82
2 6 1157 234.1840 -86.7130 7 1195 233.2640 -126.9070
2.0143127040e+00 -2.0463995928e+00 -1.1564957884e+01
62 50 54
2 6 1219 115.9770 -116.6250 7 1183 100.7350 -122.1550
1.9012279386e+00 -2.3829231601e+00 -1.1994510384e+01
97 86 100
2 6 1258 105.4000 -131.0640 7 1212 89.0770 -134.0310
2.0813661490e+00 -2.2006047800e+00 -1.1271673032e+01
106 93 111
2 6 1253 122.8990 -128.8190 7 1215 107.3320 -134.7470
1.2567642024e+00 -3.0312962234e+00 -1.3830248809e+01
74 67 78
2 6 1284 60.2190 -144.4670 7 1228 41.5140 -140.8020
2.3407042408e+00 -1.1321756240e+00 -5.9094572584e+00
197 196 105
2 6 1250 262.0880 -128.3160 7 1298 257.7260 -168.3240
2.3294349052e+00 -2.5063775110e+00 -1.0988594939e+01
75 68 81
2 6 1305 140.9160 -150.5370 7 1262 123.7560 -156.5780
2.4863699945e+00 -2.5484243168e+00 -1.0344745716e+01
106 99 115
2 6 1336 159.5480 -162.6950 7 1303 142.3410 -170.5130
2.4863699945e+00 -2.5484243168e+00 -1.0344745716e+01
106 99 115
2 6 1337 159.5480 -162.6950 7 1304 142.3410 -170.5130
1.2286236919e+00 -3.6826610779e+00 -1.4082231882e+01
40 33 39
2 6 1381 57.7130 -172.4740 7 1289 37.2550 -166.7350
1.8391369282e+00 -3.1959251094e+00 -1.2217041164e+01
76 72 86
2 6 1383 99.9380 -172.6540 7 1311 81.0800 -172.4490
2.4204765166e+00 -2.6890576444e+00 -1.0581184794e+01
73 58 66
2 6 1362 151.8360 -167.8170 7 1318 134.2030 -174.2300
1.9626205935e+00 -3.0669710321e+00 -1.1753768898e+01
89 85 100
2 6 1384 110.8760 -172.2610 7 1314 92.4980 -173.6360
1.9642551299e+00 -3.1483227061e+00 -1.1794977074e+01
56 49 62
2 6 1401 110.5400 -176.2140 7 1324 91.9020 -177.1850
2.4319902560e+00 -2.8997509914e+00 -1.0457378052e+01
57 46 59
2 6 1421 154.2200 -183.0710 7 1372 135.9140 -188.8610
1.9597072838e+00 -3.4871300340e+00 -1.1821302510e+01
52 47 69
2 6 1460 109.9440 -194.6560 7 1392 90.2390 -194.3770
2.2863666016e+00 -3.2347643506e+00 -1.0864312235e+01
87 83 99
2 6 1468 139.5580 -196.4370 7 1408 120.2330 -199.6660
2.1373190502e+00 -3.4075302442e+00 -1.1319886409e+01
88 81 96
2 6 1477 125.1940 -198.6150 7 1410 105.5540 -199.8890
2.5052738172e+00 -3.1527699032e+00 -1.0330580391e+01
69 59 74
2 6 1491 160.5770 -201.3510 7 1431 141.1910 -206.3420
2.5274937696e+00 -3.1158012511e+00 -1.0236226299e+01
117 106 126
2 6 1490 163.5300 -200.7850 7 1428 144.1420 -206.2990
2.3466715776e+00 -3.2800705579e+00 -1.0680332564e+01
53 46 61
2 6 1494 145.5600 -202.6380 7 1427 126.1250 -206.0260
2.6744927047e+00 -3.0181151284e+00 -9.8423810211e+00
78 70 91
2 6 1492 179.8290 -202.2030 7 1434 160.3170 -209.4370
2.3723603211e+00 -3.4825580135e+00 -1.0755882921e+01
99 95 118
2 6 1531 146.0270 -213.4850 7 1445 125.7050 -215.8900
2.4218759516e+00 -3.4022461751e+00 -1.0548071801e+01
106 98 119
2 6 2539 151.9720 -212.7030 7 2289 131.9040 -215.9230
2.5066401429e+00 -3.4467117202e+00 -1.0326781914e+01
115 112 131
2 6 1554 160.5620 -219.9610 7 1460 140.0370 -223.6150
2.4108224480e+00 -3.5985683369e+00 -1.0551550817e+01
99 95 113
2 6 1578 151.1560 -224.7190 7 1477 130.3510 -227.0890
2.7303032064e+00 -3.3024905656e+00 -9.7195010622e+00
112 106 124
2 6 1573 185.4750 -223.8380 7 1485 164.8330 -229.7520
2.1784850973e+00 -3.9139187177e+00 -1.1145174114e+01
50 45 58
2 6 1606 129.3170 -231.3850 7 1489 108.0550 -230.9230
2.1217456031e+00 1.9691001034e+00 -6.2196165761e+00
116 75 22
2 6 1706 225.4440 208.2742 7 1678 245.8150 147.4428
2.2901123334e+00 1.8037153463e+00 -5.9889362018e+00
191 165 111
2 6 2640 253.1400 197.9888 7 1710 270.5510 132.3390
5.4580320196e-01 1.4304954025e+00 -5.8381719584e+00
59 0 0
2 6 2701 62.3360 161.9167 7 2483 94.6530 106.6670
2.3921293379e+00 1.5587959794e+00 -5.5781173004e+00
200 170 99
2 6 1771 283.0430 182.5560 7 484 300.3130 110.8280
2.4302783932e+00 1.5359860425e+00 -5.5492328979e+00
198 171 90
2 6 1775 288.9010 180.6706 7 1751 305.7150 108.3640
4.2020034534e-01 1.0849387719e+00 -5.5351672677e+00
156 20 54
2 6 1863 50.7310 128.8540 7 1798 85.1910 71.4400
-1.1006298485e+00 7.2124863847e-01 -4.5388592645e+00
204 140 157
2 6 513 -161.7740 101.8880 7 683 -101.3160 38.4730
-6.0773024332e-03 9.4307213801e-01 -5.5689021155e+00
102 2 5
2 6 2769 -0.7930 111.1000 7 1819 35.6460 57.7130
3.6388110446e-01 9.7238445752e-01 -5.5269793130e+00
197 134 154
2 6 468 44.0820 115.4860 7 623 78.2350 58.9290
-1.0219258333e+00 6.7467100890e-01 -4.5610664866e+00
232 173 197
2 6 1946 -149.5040 94.7120 7 709 -90.4520 31.4650
-9.2660410475e-01 6.7560881019e-01 -4.5490538781e+00
241 217 230
2 6 1947 -136.0930 95.0180 7 714 -77.1890 31.0650
-7.5001751493e-01 6.4426412631e-01 -4.5313454893e+00
217 156 171
2 6 1952 -110.5750 90.9210 7 735 -53.0590 25.4250
1.1861294703e-01 6.4945420827e-01 -5.3530615620e+00
229 220 229
2 6 1979 14.9300 78.6890 7 745 51.1510 23.0240
8.9430312934e-02 6.3076051052e-01 -5.3544935820e+00
233 219 230
2 6 1985 11.2590 76.3130 7 749 47.6250 21.0160
2.4918884089e+00 6.7464714811e-01 -5.5082051848e+00
215 158 52
2 6 2830 298.9700 78.7810 7 2582 308.2130 13.2740
-5.6440868449e-01 3.5184511415e-01 -4.5626230159e+00
221 166 176
2 6 2041 -82.6440 47.4810 7 1956 -29.3290 -15.7200
-9.4789672331e-01 2.6675489104e-01 -4.6302924776e+00
245 182 191
2 6 2079 -136.7600 34.3990 7 1975 -81.9240 -24.0530
-5.1387700517e-01 2.8048883233e-01 -4.5781723572e+00
157 99 112
2 6 2069 -74.9180 36.9540 7 884 -22.9940 -25.5960
5.7907245900e-01 2.7007235309e-01 -5.6523055195e+00
212 37 58
2 6 2088 68.6430 29.7390 7 1969 95.0870 -20.5510
-5.0678417902e-01 1.1784534657e-01 -4.6280166872e+00
157 101 113
2 6 2123 -73.0860 13.0280 7 2019 -23.2300 -46.7570
-5.4610184571e-01 3.7821499664e-02 -4.6642765830e+00
219 170 182
2 6 2159 -78.1810 1.4230 7 983 -29.0720 -56.4920
-5.5641576915e-01 -5.9114751771e-03 -4.7100323972e+00
226 178 187
2 6 2935 -79.0290 -4.9100 7 2048 -30.6450 -61.1670
9.5552748705e-01 3.2722521841e-02 -5.5977001087e+00
171 124 141
2 6 890 114.4010 1.7210 7 962 135.7180 -49.2350
1.1764289638e+00 -2.3554045948e-01 -5.3105652658e+00
206 134 146
2 6 2232 148.2360 -32.1810 7 1070 167.2760 -85.3480
4.3810730529e-01 -3.5848649260e-01 -5.9148850105e+00
188 33 47
2 6 1042 49.7410 -42.5190 7 1067 70.8300 -83.5990
6.2013279525e-01 -4.1850048767e-01 -5.5832513458e+00
204 37 56
2 6 2272 74.4880 -52.5280 7 2113 96.4970 -97.5710
6.2013279525e-01 -4.1850048767e-01 -5.5832513458e+00
204 37 56
2 6 2273 74.4880 -52.5280 7 2114 96.4970 -97.5710
2.5370588964e+00 -4.0040903704e-01 -5.3625449603e+00
232 190 201
2 6 3002 312.3640 -51.5710 7 2129 311.5280 -107.3850
2.5394371127e+00 -4.5584825160e-01 -5.4041679733e+00
230 174 188
2 6 2287 310.3050 -57.8820 7 1155 308.8680 -112.4790
2.5242474793e+00 -5.3889757242e-01 -5.4126337336e+00
233 198 214
2 6 2301 307.9670 -67.9030 7 2141 306.0290 -121.2630
-2.8998197733e-01 -2.0580146754e+00 -1.2540079961e+01
121 96 106
2 6 1198 -15.9550 -108.3120 7 1142 -27.1870 -106.5460
2.5096908737e+00 -5.7570263445e-01 -5.4797023557e+00
235 186 196
2 6 2303 302.5890 -71.4700 7 1187 300.5050 -123.4730
1.7911239563e+00 -2.1437087736e+00 -1.2231479840e+01
62 47 48
2 6 2377 97.3460 -115.5460 7 1172 81.8700 -118.3410
2.0989636387e+00 -2.3992984849e+00 -1.1404114812e+01
63 47 58
2 6 2403 122.2220 -139.0400 7 2185 106.2520 -143.5250
2.3144178795e+00 -2.2549477165e+00 -1.0774153797e+01
119 118 135
2 6 2401 142.7540 -138.2720 7 2191 127.0040 -145.6500
2.2749595160e+00 -2.3867047909e+00 -1.0971699571e+01
124 120 135
2 6 2412 137.7960 -143.6720 7 2202 121.4620 -149.9460
2.2749595160e+00 -2.3867047909e+00 -1.0971699571e+01
124 120 135
2 6 2411 137.7960 -143.6720 7 2203 121.4620 -149.9460
1.8746103950e+00 -2.8707016338e+00 -1.1960592310e+01
56 45 55
2 6 2441 104.1220 -158.4510 7 1268 86.4150 -159.8880
1.6916742249e+00 -3.0743946227e+00 -1.2573227977e+01
54 48 60
2 6 2450 89.3240 -161.3740 7 2216 70.8840 -160.5880
1.5809061901e+00 -3.2424143295e+00 -1.2989393359e+01
81 74 84
2 6 3126 80.8170 -164.6330 7 2766 61.6160 -162.5350
1.4600317653e+00 -3.3240263819e+00 -1.3201250022e+01
47 38 45
2 6 1351 73.3290 -166.1440 7 1278 54.1460 -163.0920
1.2104106461e+00 -3.5741085354e+00 -1.3960365077e+01
57 53 64
2 6 2464 57.3360 -168.8980 7 2225 37.3590 -163.5180
2.3991928064e+00 -2.5743724769e+00 -1.0552670188e+01
64 53 67
2 6 1333 150.9130 -161.1750 7 1296 133.9130 -168.0230
2.5410817171e+00 -2.5992317252e+00 -1.0126862873e+01
67 55 65
2 6 2466 166.4400 -169.5280 7 1328 149.0520 -177.7730
1.7502727780e+00 -3.3805738828e+00 -1.2370917070e+01
96 91 106
2 6 2482 93.8850 -180.3450 7 2244 74.5870 -179.1090
2.3892303173e+00 -2.8810736963e+00 -1.0677215254e+01
57 46 52
2 6 2475 148.4080 -178.1930 7 1352 130.2520 -183.3690
1.3293736055e+00 -3.8166964404e+00 -1.3557257848e+01
44 38 49
2 6 1429 65.0110 -185.6220 7 1339 44.2890 -180.6670
2.2785881737e+00 -3.0267496950e+00 -1.0955545629e+01
108 100 118
2 6 2487 137.9480 -182.4240 7 1363 119.4680 -186.1430
2.0839034163e+00 -3.2787647368e+00 -1.1554323421e+01
91 78 87
2 6 1439 119.6420 -187.2990 7 1370 100.4430 -188.4740
1.6580715446e+00 -3.7009769408e+00 -1.2685134539e+01
42 35 47
2 6 1453 86.6500 -192.4970 7 2252 66.4270 -189.5350
2.5165605910e+00 -2.9065592208e+00 -1.0152205581e+01
103 99 121
2 6 2497 164.3540 -188.9030 7 1395 145.7060 -195.7390
1.6130746718e+00 -3.8376658454e+00 -1.2770436097e+01
36 26 32
2 6 1476 83.7150 -198.2350 7 1391 63.1320 -194.6680
2.4886318685e+00 -3.0727404593e+00 -1.0372019301e+01
101 92 109
2 6 1465 158.9520 -195.4970 7 1412 139.8750 -200.7660
2.0942928151e+00 -3.4388770225e+00 -1.1355356788e+01
39 35 50
2 6 2523 122.3040 -199.8080 7 2267 102.6560 -200.8470
2.1693039439e+00 -3.5604117044e+00 -1.1199943075e+01
53 51 64
2 6 2532 128.2490 -209.7560 7 1437 108.2860 -210.5090
2.3076687373e+00 -3.5083665512e+00 -1.0935616304e+01
57 46 60
2 6 2537 139.7680 -211.5450 7 1442 119.4600 -213.4180
2.2638382326e+00 -3.6116316123e+00 -1.0978206334e+01
81 79 96
2 6 2551 136.5440 -216.8960 7 2294 116.0420 -218.1630
2.4818548969e+00 -3.4083183693e+00 -1.0432762287e+01
101 97 119
2 6 2541 157.3800 -215.4020 7 2296 137.1400 -218.8940
2.7922161780e+00 -3.1216903616e+00 -9.4981547609e+00
53 44 58
2 6 2549 194.2170 -216.4850 7 1468 173.8120 -224.2230
2.8025415093e+00 -3.1295858292e+00 -9.3800135851e+00
78 67 82
2 6 2558 197.3080 -219.7280 7 1483 176.8520 -227.7170
2.6626596079e+00 -3.3355963876e+00 -9.8973266132e+00
61 53 71
2 6 1561 177.7750 -222.0320 7 1481 157.1690 -227.3690
2.9047578448e+00 -3.1451007151e+00 -9.1574496208e+00
123 117 137
2 6 2564 209.2050 -226.0080 7 2321 188.1640 -234.6080
7.3334102497e-01 1.7233722574e+00 -5.7896753264e+00
131 4 10
2 6 2641 84.3500 196.7438 7 1700 117.6080 137.9880
6.9017763273e-01 1.6221207201e+00 -5.8237345765e+00
113 5 7
2 6 2664 78.9430 184.1113 7 1721 111.5710 126.7480
9.7166434416e-01 1.6347452886e+00 -5.7022737343e+00
142 22 33
2 6 2653 113.3730 189.1226 7 1719 145.2790 127.9810
3.7258174098e-01 1.4915176706e+00 -5.7428054046e+00
99 2 3
2 6 2689 43.2280 171.6250 7 2476 78.2090 115.5590
5.7552104709e-01 1.5310376420e+00 -5.8108000395e+00
145 11 18
2 6 3244 65.9100 174.0704 7 2468 99.1430 117.8180
2.2641548232e+00 1.7156088550e+00 -5.9481544849e+00
191 163 109
2 6 2651 251.7480 189.3511 7 2451 269.7820 124.1430
2.2641548232e+00 1.7156088550e+00 -5.9481544849e+00
191 163 109
2 6 2652 251.7480 189.3511 7 2452 269.7820 124.1430
2.2357185666e+00 1.7074165117e+00 -5.9987204071e+00
181 130 43
2 6 2655 246.6100 186.9867 7 2454 264.5900 122.8630
2.3742546302e+00 1.6641034387e+00 -5.7690135748e+00
194 143 46
2 6 3227 272.1190 189.0827 7 2464 288.7970 119.9410
9.0783304348e-02 1.3125292888e+00 -5.6497713079e+00
149 14 20
2 6 2709 10.5900 153.2419 7 2492 47.6670 98.4610
2.1157611516e-01 1.2952000061e+00 -5.6308906857e+00
160 21 22
2 6 1826 25.0890 151.7649 7 1773 61.2200 95.8370
1.7023286777e+00 1.4309668120e+00 -5.4516503115e+00
69 30 30
2 6 3246 207.3750 172.1474 7 2917 232.4960 102.9510
1.7023286777e+00 1.4309668120e+00 -5.4516503115e+00
69 30 30
2 6 3247 207.3750 172.1474 7 2918 232.4960 102.9510
1.5505957542e+00 1.3857293197e+00 -5.3777308500e+00
94 50 54
2 6 2691 191.8110 169.0892 7 2921 218.6490 99.5390
-9.7824878777e-01 7.6315619861e-01 -4.5293521882e+00
175 107 129
2 6 1921 -144.2130 108.3030 7 1845 -84.0350 43.5200
-9.7824878777e-01 7.6315619861e-01 -4.5293521882e+00
175 107 129
2 6 1922 -144.2130 108.3030 7 1846 -84.0350 43.5200
-9.3416679854e-01 7.6724310625e-01 -4.5356635671e+00
178 107 123
2 6 1919 -137.4830 108.8610 7 1847 -77.8880 43.7130
-9.3915394245e-01 7.4018520608e-01 -4.5282226770e+00
228 165 173
2 6 1931 -138.5020 104.9820 7 1855 -78.7450 40.0470
-8.0300966132e-01 7.4614514926e-01 -4.5295397677e+00
225 172 181
2 6 2774 -118.4250 105.9440 7 2548 -59.7620 39.9200
1.2993015039e+00 1.1371190447e+00 -5.8554077739e+00
130 9 14
2 6 2745 148.2130 127.9580 7 2511 171.6480 70.0450
1.2993015039e+00 1.1371190447e+00 -5.8554077739e+00
130 9 14
2 6 2746 148.2130 127.9580 7 2512 171.6480 70.0450
-9.5310152077e-02 8.8113443438e-01 -5.4584099978e+00
117 8 8
2 6 2775 -12.0640 105.3480 7 2529 26.7730 51.6920
-8.5163590066e-02 8.4157222192e-01 -5.4777228670e+00
163 21 33
2 6 2785 -10.4470 100.4530 7 2539 27.1140 46.7320
-2.2781228353e-02 8.3060177968e-01 -5.4852916337e+00
173 25 39
2 6 2787 -2.8160 98.9840 7 2540 34.1230 45.0960
-6.7518895583e-01 6.4985116503e-01 -4.5485600200e+00
170 104 125
2 6 2807 -99.1420 91.4940 7 2567 -42.6780 25.7070
6.7433454562e-01 7.3679838361e-01 -5.5086973071e+00
193 28 44
2 6 2815 81.6820 86.9490 7 2961 112.3510 30.5360
-1.0496416833e+00 4.6409450895e-01 -4.5892433780e+00
168 156 199
2 6 2017 -152.6360 63.4830 7 1923 -95.2060 2.8540
-9.2477777376e-01 4.4635926163e-01 -4.5840432693e+00
165 217 254
2 6 2852 -134.6330 61.0750 7 1928 -78.2540 -0.4620
8.8769815280e-01 6.6393245683e-01 -5.5369622292e+00
155 20 29
2 6 1980 107.6370 78.2040 7 2574 134.1130 20.6540
-1.1002989821e+00 4.0061374874e-01 -4.6028462771e+00
236 165 179
2 6 3336 -159.6110 53.9530 7 2603 -102.2400 -5.2570
-5.4518901863e-01 3.7210231851e-01 -4.5745549134e+00
155 95 108
2 6 2868 -79.6530 50.3170 7 2615 -26.5640 -12.9220
-4.9530525128e-01 3.2201265315e-01 -4.5908615797e+00
210 149 164
2 6 2880 -72.2070 42.7500 7 2625 -20.0240 -19.7350
2.1769577297e+00 4.9050334986e-01 -6.2885536140e+00
124 82 37
2 6 2866 230.3680 50.6950 7 2593 238.4040 -0.4260
-4.7983769790e-01 2.1251046333e-01 -4.6144049532e+00
224 163 173
2 6 2898 -69.3830 26.8400 7 1995 -18.9630 -34.4740
2.5131441765e+00 4.5185940153e-01 -5.5219962435e+00
217 185 59
2 6 2864 300.4920 51.6900 7 852 308.2270 -10.9570
2.4394469899e+00 4.2478736504e-01 -5.5817868945e+00
217 189 124
2 6 2870 289.4640 48.4190 7 2616 296.4790 -13.4250
6.5964727383e-01 6.5797947042e-02 -5.7168727255e+00
200 35 51
2 6 875 77.3200 5.5230 7 933 101.0390 -42.5280
-8.9513193623e-01 -1.5241767771e-01 -4.9928986989e+00
251 253 253
2 6 2961 -119.6440 -23.7850 7 2681 -74.8000 -72.5840
1.1570782039e+00 -1.9382867123e-01 -5.3403369877e+00
206 142 144
2 6 2222 145.0630 -26.7230 7 2086 164.3360 -79.9410
2.2493064949e+00 -4.4960341830e-01 -6.1168898263e+00
229 197 56
2 6 2265 244.3800 -50.1760 7 2104 245.4450 -95.3690
2.2493064949e+00 -4.4960341830e-01 -6.1168898263e+00
229 197 56
2 6 2266 244.3800 -50.1760 7 2105 245.4450 -95.3690
1.9355966618e+00 -7.9580502818e-01 -6.4796850670e+00
193 138 145
2 6 3422 199.1450 -82.6540 7 2725 199.8290 -120.1760
2.5094026852e+00 -5.8112483758e-01 -5.4177037035e+00
221 198 215
2 6 3020 305.8230 -73.0330 7 2729 303.8880 -125.6240
2.5094026852e+00 -5.8112483758e-01 -5.4177037035e+00
221 198 215
2 6 3021 305.8230 -73.0330 7 2730 303.8880 -125.6240
2.1570014657e+00 -8.5625250175e-01 -6.3286713507e+00
217 191 83
2 6 2340 226.4690 -91.0920 7 2164 225.4480 -129.7130
2.2025760914e+00 -8.4810594068e-01 -6.2688080816e+00
214 191 78
2 6 2341 233.2390 -91.1820 7 2165 232.1500 -130.4030
2.1740078207e+00 -9.7747290064e-01 -6.3088455517e+00
212 189 69
2 6 3053 228.6500 -104.2310 7 2745 227.0730 -141.5820
1.9724002320e+00 -2.3313146228e+00 -1.1677290920e+01
51 42 44
2 6 3086 112.2120 -131.8710 7 2174 96.4730 -135.7030
2.0433338198e+00 -2.3547283767e+00 -1.1504124722e+01
62 46 53
2 6 2398 118.0610 -135.1640 7 2181 102.0910 -139.6260
-1.2120030373e+00 -2.7436466777e+00 -1.2486783844e+01
74 42 54
2 6 1285 -64.8650 -144.8730 7 1223 -77.0370 -140.7520
2.1577038170e+00 -2.3608183213e+00 -1.1093683685e+01
65 54 68
2 6 3098 129.2150 -140.6370 7 2196 113.4200 -146.3010
1.1824755468e+00 -3.3118374827e+00 -1.3709125401e+01
40 33 43
2 6 3121 57.2470 -159.2130 7 2207 37.8660 -155.1970
1.2653688960e+00 -3.4082264296e+00 -1.3562709552e+01
39 34 40
2 6 3128 61.8600 -165.7230 7 2763 42.3740 -161.6770
1.5686815646e+00 -3.5220640014e+00 -1.2746950802e+01
47 42 54
2 6 2484 81.6590 -182.2960 7 2779 62.0010 -179.7470
2.1204529517e+00 -3.1967469061e+00 -1.1390282852e+01
55 49 56
2 6 3150 123.5150 -185.2590 7 2784 104.5830 -187.1560
2.1204529517e+00 -3.1967469061e+00 -1.1390282852e+01
55 49 56
2 6 3151 123.5150 -185.2590 7 2785 104.5830 -187.1560
2.0368300631e+00 -3.2987759958e+00 -1.1626091686e+01
56 47 53
2 6 2495 116.2170 -187.2900 7 2250 97.0560 -188.1610
1.4130747220e+00 -4.0346422427e+00 -1.3469226743e+01
43 37 42
2 6 3165 69.3410 -197.6750 7 2789 48.3660 -191.9540
2.6959711053e+00 -2.8591205813e+00 -9.7765951677e+00
60 46 62
2 6 3160 182.6380 -192.8600 7 2797 163.5400 -201.2520
2.5214750481e+00 -3.3088740955e+00 -1.0358100982e+01
97 90 106
2 6 3176 160.9760 -210.7540 7 2810 141.1650 -214.7550
1.7471830998e+00 -4.3246569455e+00 -1.2468019961e+01
41 35 45
2 6 2572 92.8370 -228.4580 7 2304 70.5860 -224.1300
5.8033650567e-01 1.7622964445e+00 -6.1560370253e+00
155 16 33
2 6 3548 62.9570 189.8879 7 2889 93.2700 137.3850
2.2938943609e+00 1.6678351531e+00 -5.8428016882e+00
191 165 78
2 6 3230 259.5120 187.1473 7 2463 277.4950 120.2380
1.4878586663e-01 1.3122576160e+00 -5.6299085314e+00
157 17 29
2 6 3262 17.4440 153.6609 7 2923 54.5310 98.3200
1.5752370298e+00 1.3036085803e+00 -5.2775314514e+00
69 31 28
2 6 3559 198.3470 161.6798 7 3189 225.5140 90.8880
1.5752370298e+00 1.3036085803e+00 -5.2775314514e+00
69 31 28
2 6 3560 198.3470 161.6798 7 3190 225.5140 90.8880
-1.0961832174e+00 7.9359257295e-01 -4.5541909259e+00
133 74 96
2 6 1913 -160.5600 112.1720 7 2534 -100.0850 48.4600
-9.8653671016e-01 7.9556789201e-01 -4.5425526921e+00
226 167 179
2 6 2767 -144.8040 112.9530 7 2536 -85.0920 47.8700
-9.5492983117e-01 7.9869937320e-01 -4.5477362045e+00
224 166 176
2 6 3291 -139.9190 113.4120 7 2950 -80.7430 47.9800
-9.9622944588e-01 7.3231906979e-01 -4.5310778619e+00
226 164 177
2 6 2777 -146.7960 103.7160 7 2549 -86.7240 39.3470
-9.4909218832e-01 7.1021135090e-01 -4.5474790979e+00
226 155 169
2 6 2784 -139.4150 100.1250 7 2552 -80.1210 35.9930
-7.6159565401e-01 7.1198788655e-01 -4.5245899312e+00
233 177 193
2 6 2781 -112.4640 101.0250 7 2556 -54.2260 34.9020
-1.1193644177e-01 6.3635551817e-01 -5.4003146383e+00
108 10 22
2 6 3322 -13.8080 76.4170 7 2970 23.5630 22.9280
9.0406454161e-01 6.2905649467e-01 -5.4966798376e+00
104 12 15
2 6 3327 110.2850 74.3770 7 2981 137.0200 16.5920
2.2393160013e+00 6.1016476981e-01 -6.2175366020e+00
194 162 102
2 6 3604 239.7680 64.1890 7 2984 247.7040 10.5240
1.4710170094e+00 4.5538431192e-01 -5.8284653510e+00
120 11 13
2 6 3338 168.6060 50.3540 7 2598 185.9110 -3.5260
6.4212760520e-01 2.1701258958e-01 -5.6364244633e+00
114 5 13
2 6 3350 76.3380 23.5090 7 3010 101.9750 -26.8780
9.5104958070e-01 2.3878558555e-01 -5.7382116077e+00
199 31 48
2 6 3346 111.0440 25.8370 7 3009 132.7230 -24.9890
7.1273607950e-01 1.8489936532e-01 -5.6910336625e+00
110 14 20
2 6 3352 83.9900 19.6340 7 3012 108.0450 -30.2100
1.1107606681e+00 1.1668470344e-01 -5.5571409835e+00
171 100 114
2 6 2917 133.8050 11.7970 7 3020 154.4540 -41.2060
1.2358539880e+00 1.0962500126e-01 -5.5050871069e+00
94 36 40
2 6 3358 150.5540 11.3240 7 3021 169.3290 -43.5730
9.4525313840e-01 -3.1713836664e-03 -5.5816041851e+00
66 13 21
2 6 2932 113.6800 -2.4460 7 2658 134.6100 -53.5310
9.6542769605e-01 -1.5578333867e-02 -5.5268592138e+00
170 108 123
2 6 2170 116.9220 -4.2910 7 2668 138.6730 -55.5700
5.3505542884e-01 -3.1630577175e-01 -5.6882972178e+00
188 32 46
2 6 3393 63.0300 -39.5380 7 3047 85.7730 -83.8170
1.1169372710e+00 -2.9196686225e-01 -5.3469233737e+00
220 155 163
2 6 2982 139.7790 -39.0410 7 2696 158.9700 -90.7020
2.0543619806e+00 -2.1688998760e+00 -1.1498185810e+01
54 41 42
2 6 3454 118.8930 -124.4280 7 3079 103.3080 -129.7290
1.5224920107e+00 -2.5932786054e+00 -1.2347811803e+01
110 83 65
2 6 3466 81.9460 -138.5960 7 3087 65.5520 -139.4500
1.5655174694e+00 -2.9762451487e+00 -1.2909680268e+01
60 47 59
2 6 3478 80.5820 -152.0190 7 3096 62.1980 -150.8230
1.7344673320e+00 -3.6827905115e+00 -1.2393843052e+01
10 10 12
2 6 3163 92.7700 -196.0720 7 2791 72.6760 -193.7400
1.7344673320e+00 -3.6827905115e+00 -1.2393843052e+01
10 10 12
2 6 3164 92.7700 -196.0720 7 2792 72.6760 -193.7400
2.1812981701e+00 -3.2781721537e+00 -1.1177575054e+01
52 41 50
2 6 3499 129.3820 -193.5890 7 3117 110.2190 -195.6470
7.1325292134e-01 1.7743152824e+00 -5.8004300945e+00
176 20 40
2 6 3536 81.8580 202.2140 7 3164 115.4870 143.5261
2.4084990437e+00 1.5777427933e+00 -5.5428360716e+00
199 144 53
2 6 3549 286.6850 185.8727 7 3174 304.0280 113.1770
2.4084990437e+00 1.5777427933e+00 -5.5428360716e+00
199 144 53
2 6 3550 286.6850 185.8727 7 3175 304.0280 113.1770
9.0346767246e-01 1.1665288860e+00 -5.7010371376e+00
103 3 5
2 6 3772 105.7640 134.6620 7 3367 134.9440 76.6870
-9.7413056458e-01 6.1848153057e-01 -4.5587835639e+00
179 225 255
2 6 3311 -142.4070 86.7590 7 2967 -84.4220 23.1810
-1.0238904612e+00 4.9252809611e-01 -4.5841182169e+00
181 230 255
2 6 3330 -149.2020 67.5780 7 2987 -91.4080 6.6740
-6.2870481978e-01 5.1361217995e-01 -4.6012347636e+00
235 181 195
2 6 3600 -91.0240 70.9460 7 2988 -37.4510 6.7630
1.0201772677e-01 6.0171151646e-01 -5.3733792057e+00
82 11 26
2 6 3598 12.9720 72.5990 7 2979 48.4180 17.4500
1.0321552783e+00 6.8014167078e-01 -5.4827467107e+00
44 10 8
2 6 3591 125.6490 80.3860 7 3386 152.5570 21.9850
-5.0858274705e-01 3.8447783478e-01 -4.6032381074e+00
209 148 163
2 6 3613 -73.6910 51.9960 7 3001 -21.7610 -11.3220
-5.2793182720e-01 3.3685777392e-01 -4.5467329177e+00
156 99 112
2 6 3617 -77.4840 45.5020 7 3005 -24.4690 -18.2480
2.4845873262e+00 4.8907356496e-01 -5.5253436458e+00
217 189 124
2 6 3610 297.9380 56.7680 7 3230 304.2910 -7.3320
9.4945019279e-01 1.7830369814e-01 -5.6818591304e+00
97 4 5
2 6 3809 112.1010 19.0260 7 3406 133.5540 -32.2730
2.2501162136e+00 -3.1181468743e-01 -6.2321831063e+00
223 187 47
2 6 3389 239.6700 -34.8090 7 3044 242.3060 -79.4520
2.0638334230e+00 -8.6849144908e-01 -6.5139654426e+00
214 187 67
2 6 3426 210.9390 -89.5650 7 3294 209.9410 -126.4490
2.1600965092e+00 -1.2345246240e+00 -6.4353190086e+00
216 190 68
2 6 3699 222.3000 -128.7660 7 3303 219.5730 -161.9730
2.1273501612e+00 -2.5061469973e+00 -1.1385352645e+01
95 85 102
2 6 3702 124.2210 -145.3120 7 3300 107.4630 -149.8460
2.6483316762e+00 -3.1811132411e+00 -9.8672583668e+00
53 42 52
2 6 3517 177.5250 -212.4860 7 3128 157.4960 -218.7650
2.3562167278e+00 -3.6132200460e+00 -1.0683004723e+01
37 33 48
2 6 3728 145.9850 -222.8710 7 3327 125.2250 -224.8940
4.2118668250e-02 1.4202330863e+00 -5.7996368022e+00
93 2 5
2 6 3558 4.4790 161.6602 7 3176 41.0660 109.3300
2.3608285511e+00 1.6474447426e+00 -5.5432031613e+00
194 169 114
2 6 3748 280.6160 193.9240 7 3172 299.9770 121.4770
2.4690161804e-01 1.3064758211e+00 -5.6017530833e+00
163 18 28
2 6 3765 29.2390 153.6959 7 3362 65.9600 97.3220
3.8787500111e-01 1.1142704759e+00 -5.5397066170e+00
171 150 172
2 6 3774 46.6940 132.2250 7 3369 81.7360 75.0280
1.4181622438e-01 6.7469946325e-01 -5.3777167473e+00
218 203 220
2 6 3789 17.6790 81.4420 7 3385 53.6920 25.9700
-6.1467822545e-01 4.6947830339e-01 -4.6205359038e+00
107 54 70
2 6 3603 -88.7600 64.1430 7 3391 -35.6780 0.9670
8.1431832996e-01 5.8446817536e-01 -5.4706437532e+00
95 0 2
2 6 3793 99.7690 69.1750 7 3388 127.5770 11.9990
-8.7767309315e-01 2.7531968600e-01 -4.5931463886e+00
208 146 165
2 6 3623 -127.4930 36.0820 7 3235 -72.7750 -23.9780
1.0000292432e+00 5.9692044806e-02 -5.6229886680e+00
73 5 8
2 6 3639 118.7480 4.6060 7 3244 140.4640 -45.7670
2.4095998927e+00 -9.3078504735e-02 -5.7938375184e+00
219 194 130
2 6 3647 275.6540 -12.4760 7 3251 278.6210 -65.5240
2.3395379965e+00 -1.1350571533e+00 -5.9076911672e+00
204 197 104
2 6 3843 261.9850 -128.7150 7 3433 257.7210 -168.6240
1.5669279505e-02 1.1078733890e+00 -5.6594775817e+00
91 0 1
2 6 3776 2.0570 129.1420 7 3471 37.5740 75.5510
4.4632122110e-01 1.0247808572e+00 -5.5369407991e+00
163 18 29
2 6 3890 53.8760 121.5430 7 3473 87.7240 64.4240
2.3116649851e+00 9.4726319804e-01 -5.9172964721e+00
214 179 57
2 6 3894 259.2790 104.7140 7 3475 270.5960 43.9220
3.4452789844e-01 5.1140344080e-01 -5.3641085181e+00
70 6 6
2 6 3796 42.4850 60.7220 7 3484 77.0290 6.2230
1.3710068351e+00 6.1877062963e-01 -5.7379751560e+00
164 21 25
2 6 3898 159.9640 70.3330 7 3479 179.4460 13.7610
-1.1754180767e+00 2.3071470900e-01 -4.7983144423e+00
244 193 206
2 6 3806 -163.5530 28.2880 7 3402 -110.7030 -25.3450
2.7863940815e-01 -6.3328910518e-02 -5.8273312019e+00
197 32 55
2 6 3815 31.6180 -9.8130 7 3414 57.7980 -52.7540
-9.1712281697e-01 4.1750080272e-01 -4.6213161567e+00
186 201 240
2 6 3971 -132.4300 56.4780 7 3486 -77.1220 -4.1490
9.9176512280e-01 5.9221634666e-01 -5.4781130799e+00
212 193 208
2 6 3968 121.3360 70.0930 7 3551 147.0790 11.8580
9.9176512280e-01 5.9221634666e-01 -5.4781130799e+00
212 193 208
2 6 3969 121.3360 70.0930 7 3552 147.0790 11.8580
1.3225722384e+00 2.2505035743e-01 -5.5451467541e+00
188 119 132
2 6 3976 159.9470 25.2780 7 3557 178.0870 -30.7230
1.0348285088e+00 1.0604993593e-02 -5.4798116834e+00
180 116 131
2 6 3913 126.8080 -0.7890 7 3498 147.4180 -54.0660
1.2322220168e+00 -2.2803638416e-01 -5.2908044669e+00
212 144 156
2 6 3983 156.0660 -31.1190 7 3506 174.0000 -85.3700
-9.7660684023e-01 6.5796356264e-01 -4.5774863758e+00
192 206 241
2 6 3964 -142.5810 91.8070 7 3548 -83.9220 29.0730
-7.6615215456e-01 3.6634162818e-01 -4.5682854029e+00
200 140 158
2 6 3972 -111.6680 49.8670 7 3490 -57.3340 -12.8080
3.8399555273e-02 3.7297723728e-01 -5.4756820199e+00
152 22 32
2 6 4031 4.8490 43.2220 7 3553 38.3340 -7.9580
8.5450500094e-01 7.5320953624e-02 -5.6127219776e+00
210 178 197
2 6 4036 101.7710 6.5310 7 3603 124.9740 -43.6120
-8.9558990913e-01 -2.1626284074e-01 -5.0298693807e+00
23 24 29
2 6 3984 -118.7950 -32.0520 7 3563 -74.9700 -79.7080
-9.3206341319e-01 5.4532602775e-01 -4.5573503224e+00
20 27 44
2 6 4027 -136.5570 75.8420 7 3594 -78.7850 13.0580
-9.3206341319e-01 5.4532602775e-01 -4.5573503224e+00
20 27 44
2 6 4028 -136.5570 75.8420 7 3595 -78.7850 13.0580
-9.3206341319e-01 5.4532602775e-01 -4.5573503224e+00
20 27 44
2 6 4029 -136.5570 75.8420 7 3596 -78.7850 13.0580
-1.7391040810e+00 3.5667271482e+00 -1.0626464843e+01
97 44 18
2 6 43 -110.0580 224.7679 7 128 -98.3510 218.7010
-3.4029413916e+00 3.8920973273e+00 -1.1582561894e+01
143 85 86
2 6 48 -196.1640 224.4107 7 53 -188.7730 228.4070
-4.8834747940e+00 3.7944143228e+00 -1.1351072409e+01
128 70 58
2 6 57 -284.8564 221.6147 7 38 -279.2059 230.7238
-4.8834747940e+00 3.7944143228e+00 -1.1351072409e+01
128 70 58
2 6 58 -284.8564 221.6147 7 39 -279.2059 230.7238
-4.7100130706e+00 3.7682062219e+00 -1.1296428327e+01
135 75 58
2 6 59 -276.4887 221.1591 7 45 -269.9930 229.7430
-5.2849385929e+00 3.7209522811e+00 -1.1197514479e+01
111 38 15
2 6 67 -311.7414 219.4971 7 42 -306.2768 230.1069
-5.2849385929e+00 3.7209522811e+00 -1.1197514479e+01
111 38 15
2 6 68 -311.7414 219.4971 7 43 -306.2768 230.1069
-4.7356938026e+00 3.7334848987e+00 -1.1351369219e+01
125 48 26
2 6 72 -276.5790 218.2439 7 65 -270.6346 226.7684
-5.3381706155e+00 3.6965952868e+00 -1.1264150334e+01
118 62 55
2 6 80 -312.9876 216.8487 7 61 -307.9949 227.6774
-5.3381706155e+00 3.6965952868e+00 -1.1264150334e+01
118 62 55
2 6 81 -312.9876 216.8487 7 62 -307.9949 227.6774
-4.7473290706e+00 3.6801668847e+00 -1.1315324791e+01
135 72 66
2 6 97 -278.2116 215.7348 7 76 -272.0996 224.2992
-4.8985976265e+00 3.6406909637e+00 -1.1314727416e+01
123 47 25
2 6 111 -286.7942 213.3578 7 92 -281.2005 222.3280
-4.8912247153e+00 3.6006638228e+00 -1.1172692264e+01
123 46 20
2 6 114 -290.1818 213.2893 7 90 -283.5529 222.4290
-4.8912247153e+00 3.6006638228e+00 -1.1172692264e+01
123 46 20
2 6 115 -290.1818 213.2893 7 91 -283.5529 222.4290
-3.6787594622e+00 3.6689247226e+00 -1.1531442405e+01
132 53 29
2 6 123 -212.8040 212.4568 7 138 -206.0670 217.0996
-5.3525516946e+00 3.6181045933e+00 -1.1335089679e+01
123 70 69
2 6 137 -311.8941 211.1879 7 96 -307.5481 221.8328
-5.3525516946e+00 3.6181045933e+00 -1.1335089679e+01
123 70 69
2 6 138 -311.8941 211.1879 7 97 -307.5481 221.8328
-4.9752450308e+00 3.5775439652e+00 -1.1258297017e+01
129 71 70
2 6 143 -292.8834 210.3293 7 119 -286.7860 219.9386
-3.2288679729e+00 3.6365950857e+00 -1.1635603460e+01
141 90 81
2 6 158 -185.4930 209.2249 7 165 -178.8780 212.2698
-3.8095678671e+00 3.6190085649e+00 -1.1646316596e+01
130 56 28
2 6 165 -218.0260 207.6638 7 157 -212.2510 212.7948
-3.7182559000e+00 3.5988853705e+00 -1.1579019275e+01
129 58 43
2 6 166 -214.2280 207.6248 7 164 -207.8740 212.4557
-5.3311517236e+00 3.4932295367e+00 -1.1263587636e+01
125 72 64
2 6 174 -312.8700 205.0781 7 144 -308.0843 215.6457
-5.1671061680e+00 3.4956890253e+00 -1.1290969469e+01
128 72 58
2 6 176 -302.8915 204.9408 7 148 -297.7665 214.9667
-5.1671061680e+00 3.4956890253e+00 -1.1290969469e+01
128 72 58
2 6 177 -302.8915 204.9408 7 149 -297.7665 214.9667
1.9353162962e+00 2.0618800113e+00 -6.6750414834e+00
101 76 44
2 6 185 191.9900 204.1240 7 348 211.5550 150.7189
2.4306370189e+00 1.7089866532e+00 -5.4845500574e+00
195 164 83
2 6 187 291.9020 203.2588 7 432 310.5530 128.3710
2.4306370189e+00 1.7089866532e+00 -5.4845500574e+00
195 164 83
2 6 188 291.9020 203.2588 7 433 310.5530 128.3710
-3.7881097927e+00 3.5153183172e+00 -1.1596328649e+01
136 56 30
2 6 191 -217.8810 202.5661 7 181 -211.9140 207.5610
-3.7881097927e+00 3.5153183172e+00 -1.1596328649e+01
136 56 30
2 6 192 -217.8810 202.5661 7 182 -211.9140 207.5610
-3.8018077737e+00 3.4537547563e+00 -1.1505921047e+01
143 79 73
2 6 203 -220.4472 200.4629 7 193 -214.1010 205.3902
-1.4055218786e+00 3.0746291619e+00 -1.1225396771e+01
70 31 17
2 6 262 -84.4910 184.4138 7 276 -77.0460 178.9769
1.4601526483e+00 1.4959335182e+00 -5.3775092328e+00
148 108 118
2 6 273 180.4870 182.6353 7 1744 209.5240 113.0250
2.3841277168e+00 1.4802766845e+00 -5.5930128834e+00
199 146 52
2 6 297 281.4920 172.8952 7 505 298.1730 102.1230
1.0595647740e-01 1.5029340907e+00 -5.7678370594e+00
157 20 29
2 6 298 12.0590 172.1949 7 1737 48.7780 118.2970
-9.2592167780e-01 2.3763834999e+00 -9.7501368443e+00
35 26 28
2 6 331 -64.5170 163.6050 7 347 -52.0200 150.4516
3.7347425311e-01 1.1244308509e+00 -5.5462291990e+00
225 194 213
2 6 398 44.8750 133.2820 7 567 80.0730 76.2560
-8.6447871491e-01 9.2103341863e-01 -4.5624399938e+00
207 155 167
2 6 410 -126.6260 130.6590 7 603 -66.9080 64.6050
-7.2955155345e-01 8.8575814742e-01 -4.5808529966e+00
196 145 161
2 6 427 -106.5030 125.1240 7 624 -48.4380 58.7000
-1.0296932710e+00 8.4684424785e-01 -4.5656324575e+00
192 143 161
2 6 446 -150.4100 119.8070 7 634 -90.4790 55.2790
-8.9305335340e-01 8.4470562645e-01 -4.5489420412e+00
216 161 173
2 6 447 -131.1250 119.8870 7 635 -71.5150 54.2190
-6.9391002027e-03 9.9831808733e-01 -5.6014713999e+00
157 16 22
2 6 459 -0.8560 117.1260 7 605 35.4130 63.8340
3.6388110446e-01 9.7238445752e-01 -5.5269793130e+00
197 134 154
2 6 467 44.0820 115.4860 7 622 78.2350 58.9290
-7.8484763389e-01 7.6689066278e-01 -4.5312773816e+00
146 87 106
2 6 485 -115.6820 108.9970 7 673 -57.1230 42.6520
-1.8064816053e-01 8.4244435139e-01 -5.4639615278e+00
120 11 14
2 6 520 -22.2900 100.6910 7 1840 16.3840 47.5080
2.0984421919e+00 8.8382812606e-01 -5.7910477468e+00
172 117 124
2 6 527 240.7360 99.6290 7 685 254.8160 38.5820
-7.8804159519e-01 6.9398835123e-01 -4.5316753013e+00
216 151 165
2 6 536 -116.1930 98.1980 7 707 -57.9840 32.6020
1.5019975208e+00 8.3538624835e-01 -5.7596970807e+00
132 12 11
2 6 549 173.9710 94.8570 7 689 194.3190 36.7680
-6.6346304390e-01 6.7075142178e-01 -4.5541114319e+00
235 171 178
2 6 550 -97.3140 94.4540 7 722 -40.9090 28.5330
-1.0981555804e+00 6.1581030788e-01 -4.5391116076e+00
239 176 188
2 6 571 -161.2630 86.5420 7 743 -101.7690 23.6650
-4.8459713748e-01 5.7008512602e-01 -4.6812595083e+00
202 154 165
2 6 599 -69.2380 77.6380 7 773 -17.4390 14.2420
-2.3087335398e-02 6.0079855244e-01 -5.3489220388e+00
193 170 185
2 6 622 -2.7680 72.6740 7 757 34.3000 18.0670
-5.3266281051e-01 4.3470303169e-01 -4.5809802283e+00
177 118 132
2 6 671 -77.6940 59.4430 7 830 -24.4930 -4.4470
2.1836168027e+00 5.6418973588e-01 -6.2350460101e+00
138 85 16
2 6 672 233.0470 58.9770 7 799 241.6390 6.4770
-5.3737717567e-01 4.0964023083e-01 -4.5499489927e+00
187 133 147
2 6 691 -78.7960 56.2240 7 843 -25.3330 -8.2320
-1.0283786543e+00 2.7073171685e-01 -4.6446271174e+00
217 155 166
2 6 757 -147.9960 34.7320 7 878 -92.5590 -22.7200
-5.3088661959e-01 2.6090181783e-01 -4.5861257293e+00
216 163 174
2 6 761 -77.3760 33.9270 7 895 -25.3420 -27.9340
2.5561616379e+00 -1.8522094245e-01 -5.3469786283e+00
228 196 207
2 6 976 315.7210 -25.1490 7 1069 316.3860 -84.0850
2.2661211164e+00 -2.3065444283e-01 -6.0972027980e+00
174 144 32
2 6 983 246.9500 -26.5850 7 1042 249.6590 -74.0560
4.7489897819e-01 -2.2530758093e-01 -5.9437719784e+00
186 32 41
2 6 992 53.5460 -27.3570 7 1026 75.0760 -69.2470
2.1222453940e+00 -2.9075341031e-01 -6.1365205245e+00
179 127 103
2 6 1009 230.0930 -32.9190 7 1055 233.7530 -78.8710
1.0141521840e+00 -3.5526540257e-01 -5.3712745967e+00
207 143 156
2 6 1055 126.5690 -46.6130 7 2108 146.0070 -97.0560
2.5190335861e+00 -4.8237969021e-01 -5.4407831351e+00
230 189 193
2 6 1098 305.8380 -60.7190 7 1159 304.4980 -114.3890
2.2180079881e+00 -5.8837667448e-01 -6.2118991386e+00
177 147 42
2 6 1108 237.2290 -64.2710 7 1143 237.6880 -106.8110
2.1824919675e+00 -2.0311469368e+00 -1.1039038850e+01
91 79 87
2 6 1235 131.5680 -121.4220 7 1201 116.5990 -128.7540
2.1824919675e+00 -2.0311469368e+00 -1.1039038850e+01
91 79 87
2 6 1236 131.5680 -121.4220 7 1202 116.5990 -128.7540
2.3244855449e+00 -2.0468760523e+00 -1.0794233809e+01
71 60 79
2 6 1239 143.1750 -125.2380 7 1208 128.1020 -133.3920
2.3407042408e+00 -1.1321756240e+00 -5.9094572584e+00
197 196 105
2 6 1251 262.0880 -128.3160 7 1299 257.7260 -168.3240
2.1401970746e+00 -2.2215134097e+00 -1.1296797500e+01
68 55 68
2 6 1256 126.0870 -129.7240 7 1216 110.1990 -135.6450
2.2918891117e+00 -1.7790670413e+00 -8.4663063668e+00
177 164 132
2 6 1268 180.2880 -139.0620 7 1264 168.4850 -157.9350
1.3543492015e+00 -2.9297221936e+00 -1.3540725295e+01
45 36 39
2 6 1280 66.3480 -142.6220 7 1222 48.0020 -139.8920
1.3630134281e+00 -2.9563075633e+00 -1.3369562670e+01
64 56 68
2 6 1289 67.7040 -145.7380 7 2184 49.3240 -143.3990
1.9371252153e+00 -2.6328279829e+00 -1.1919921204e+01
60 48 58
2 6 1292 107.8960 -145.8970 7 1245 91.0250 -148.0900
2.4633756071e+00 -2.4407557109e+00 -1.0493232604e+01
101 91 104
2 6 1315 155.9220 -153.6090 7 1271 139.0620 -161.4450
2.3991928064e+00 -2.5743724769e+00 -1.0552670188e+01
64 53 67
2 6 1331 150.9130 -161.1750 7 1294 133.9130 -168.0230
2.3991928064e+00 -2.5743724769e+00 -1.0552670188e+01
64 53 67
2 6 1332 150.9130 -161.1750 7 1295 133.9130 -168.0230
1.1539720721e+00 -3.5348535423e+00 -1.4102106602e+01
32 27 34
2 6 1344 54.1730 -165.2580 7 2212 34.0850 -159.8510
1.8391369282e+00 -3.1959251094e+00 -1.2217041164e+01
76 72 86
2 6 1382 99.9380 -172.6540 7 1310 81.0800 -172.4490
1.9626205935e+00 -3.0669710321e+00 -1.1753768898e+01
89 85 100
2 6 1385 110.8760 -172.2610 7 1315 92.4980 -173.6360
2.4319902560e+00 -2.8997509914e+00 -1.0457378052e+01
57 46 59
2 6 1422 154.2200 -183.0710 7 1373 135.9140 -188.8610
1.5293382531e+00 -3.6418066020e+00 -1.3066267825e+01
58 54 67
2 6 1425 77.6220 -183.8540 7 1341 57.4530 -180.3410
1.8235542381e+00 -3.4578304603e+00 -1.2230020085e+01
44 36 48
2 6 1435 99.0220 -186.4740 7 1362 79.2170 -185.5590
2.0839034163e+00 -3.2787647368e+00 -1.1554323421e+01
91 78 87
2 6 1438 119.6420 -187.2990 7 1369 100.4430 -188.4740
2.2368309593e+00 -3.1642619537e+00 -1.1122188733e+01
54 48 58
2 6 1440 133.4070 -187.7700 7 1377 114.3800 -190.5780
2.6432421242e+00 -2.8168068158e+00 -9.8921489445e+00
46 35 44
2 6 1441 177.0220 -187.8970 7 1396 158.4000 -195.9950
1.2149184662e+00 -4.0943850554e+00 -1.4077323847e+01
42 33 36
2 6 1452 57.0080 -191.8540 7 1359 35.6630 -184.9910
1.9597072838e+00 -3.4871300340e+00 -1.1821302510e+01
52 47 69
2 6 1461 109.9440 -194.6560 7 1393 90.2390 -194.3770
2.5750418467e+00 -3.0182967433e+00 -1.0127271405e+01
79 70 88
2 6 1469 168.2670 -196.7500 7 2269 149.3890 -202.8140
2.8011809255e+00 -2.9739021175e+00 -9.4634411401e+00
118 109 127
2 6 1510 195.6480 -207.1210 7 1446 175.8410 -215.7640
2.6401091527e+00 -3.2695774428e+00 -1.0017838368e+01
91 78 88
2 6 1539 174.2390 -215.1300 7 1455 153.9860 -220.4690
2.9584911512e+00 -2.9975445695e+00 -9.0349472123e+00
56 47 63
2 6 1547 215.9580 -218.4160 7 1484 195.2910 -228.2810
1.5767644325e+00 -4.3117609286e+00 -1.2951575469e+01
45 43 54
2 6 1551 80.6490 -219.3710 7 2284 58.5840 -214.1580
2.2070511282e+00 -3.7419814765e+00 -1.0987392371e+01
88 85 102
2 6 1577 132.9400 -224.5010 7 1470 112.2580 -225.0600
9.6944319839e-01 -5.0290890680e+00 -1.4383396739e+01
48 48 58
2 6 1601 44.4030 -230.3350 7 1454 20.9940 -220.5020
2.2201374127e+00 -3.8608432385e+00 -1.1038141327e+01
89 88 105
2 6 1602 132.9870 -230.5440 7 1487 111.9730 -230.3850
1.4565253900e+00 -4.6503272671e+00 -1.3254559507e+01
21 20 25
2 6 1604 72.7340 -231.0580 7 1467 49.8340 -224.2900
-3.8027169334e+00 3.8996179338e+00 -1.1543104352e+01
147 93 87
2 6 1657 -219.3220 225.3916 7 41 -212.6280 230.5240
-5.1906828717e+00 3.7207753998e+00 -1.1208997807e+01
115 40 24
2 6 1676 -306.0891 219.3971 7 1527 -300.4142 229.6683
2.3891070297e+00 1.7200026391e+00 -5.5046538139e+00
197 170 94
2 6 1722 286.0990 204.0103 7 429 305.0580 129.5930
6.3217216034e-01 1.7160899292e+00 -5.8313644747e+00
176 23 34
2 6 1746 72.1540 194.5794 7 1701 105.7540 137.2640
-1.4648401334e+00 3.1084236361e+00 -1.1098608596e+01
72 24 13
2 6 1763 -89.0680 188.3804 7 261 -80.8420 182.8183
7.2643009486e-01 1.5783702313e+00 -5.8307736056e+00
118 1 4
2 6 1778 82.9600 178.8615 7 454 115.0680 121.6930
1.2220435980e+00 1.4997832181e+00 -5.7623864491e+00
186 135 149
2 6 1793 141.1470 171.5486 7 2480 169.2960 110.6670
-9.4145669054e-01 8.6282473051e-01 -4.5926371990e+00
212 154 170
2 6 1884 -136.8860 121.4170 7 1820 -77.8070 56.8970
-6.0680002344e-02 1.0466397072e+00 -5.6793078498e+00
76 1 0
2 6 1892 -7.2900 121.2070 7 590 28.8540 69.3220
-4.9470550944e-01 7.9859389864e-01 -4.7056683384e+00
50 20 17
2 6 1915 -70.1940 109.8850 7 1843 -17.5540 44.7810
-6.9534399494e-01 7.7784266462e-01 -4.5695792784e+00
228 163 173
2 6 1917 -101.7370 109.7130 7 669 -44.4920 43.5960
2.3733893581e+00 9.3550591242e-01 -5.7026936190e+00
215 184 100
2 6 1926 275.6670 106.8350 7 1849 287.4090 42.5240
3.1230501319e-02 8.7389302781e-01 -5.5157417138e+00
184 28 41
2 6 1933 3.8560 103.8180 7 649 40.0420 49.6250
-7.1743432848e-01 6.9746000392e-01 -4.5372287306e+00
175 117 131
2 6 1940 -105.6680 98.6390 7 708 -48.1520 32.6080
-6.4749728535e-01 6.4389345879e-01 -4.5706901026e+00
237 174 184
2 6 1953 -94.5820 90.2570 7 736 -38.9420 24.7290
-3.8139637591e-02 7.3649302307e-01 -5.4088160758e+00
157 20 33
2 6 1957 -4.7100 88.6720 7 1863 32.7110 34.2540
1.4103917304e-01 7.2283185964e-01 -5.3980332141e+00
71 5 13
2 6 1962 17.5500 87.1700 7 1865 53.5280 31.5920
3.6278478805e-01 6.7412908847e-01 -5.3703834090e+00
243 214 220
2 6 1973 45.2330 81.4450 7 1881 79.4560 24.6440
6.3513819193e-01 6.7425724010e-01 -5.4772601049e+00
167 20 29
2 6 1977 77.5590 79.9180 7 1883 108.1370 23.4310
1.3092824637e-01 6.2846402684e-01 -5.3582228799e+00
75 20 46
2 6 1990 16.3330 75.8830 7 750 52.5120 20.6170
2.4513208881e+00 6.4456949734e-01 -5.5798333809e+00
211 158 64
2 6 1992 290.8110 74.4800 7 783 299.5920 10.3820
-8.1542680518e-01 4.8857811645e-01 -4.5717720756e+00
183 160 191
2 6 2005 -119.1070 67.3990 7 805 -62.9790 4.5740
-4.9888321554e-01 4.1998488293e-01 -4.6062648398e+00
189 126 142
2 6 2031 -72.2710 57.1040 7 839 -20.1870 -6.5180
6.1186149761e-03 3.9782838254e-01 -5.4844960476e+00
211 43 71
2 6 2048 0.5580 45.8980 7 833 35.0570 -4.5750
-6.9593312902e-01 3.0959770239e-01 -4.5243143794e+00
240 184 194
2 6 2055 -102.4770 41.8150 7 874 -48.0070 -21.4200
-6.5430189628e-01 2.6657717732e-01 -4.5488393073e+00
240 183 198
2 6 2076 -96.1470 34.9620 7 888 -42.1350 -26.9140
2.1446793012e+00 3.1479810510e-01 -6.3931412343e+00
175 140 44
2 6 2083 223.2520 31.5800 7 1960 230.2360 -16.5530
-5.3088559514e-01 2.1539099446e-01 -4.5756161782e+00
212 159 172
2 6 2093 -77.5130 27.3520 7 911 -25.6400 -34.2740
7.5309199466e-01 2.1187039851e-01 -5.7792322621e+00
209 36 57
2 6 2103 87.1460 22.3570 7 2632 110.6850 -26.3280
7.8451356874e-01 2.0873581154e-01 -5.7304501568e+00
214 37 60
2 6 2104 91.7290 22.2860 7 1983 115.0170 -27.4800
1.5227468496e+00 4.8278281901e-02 -5.2700039631e+00
207 146 155
2 6 2155 192.7490 3.4490 7 981 210.1760 -54.9190
2.5499513432e+00 -2.2631728518e-01 -5.3593917037e+00
234 194 197
2 6 2229 314.3290 -30.0890 7 2092 314.5450 -88.4070
2.1742856086e+00 -2.9742460297e-01 -6.1778571277e+00
120 75 16
2 6 2234 234.0970 -33.3570 7 1056 237.0060 -79.0000
1.2634004648e+00 -2.5377461068e-01 -5.2529318555e+00
217 154 158
2 6 2237 160.9410 -34.7810 7 2093 178.9060 -89.1220
2.5469189083e+00 -2.8011978597e-01 -5.3131140931e+00
231 191 211
2 6 2240 316.3640 -37.2130 7 2102 316.6420 -95.2020
2.1989979182e+00 -3.3620390806e-01 -6.1703313972e+00
97 62 2
2 6 2242 236.9510 -37.5910 7 1065 239.4060 -82.9970
1.2620221347e+00 -2.8411923268e-01 -5.2685197346e+00
188 125 145
2 6 2247 160.2370 -38.5480 7 2097 177.9820 -92.2140
5.6148095725e-01 -3.4225536308e-01 -5.6152487051e+00
185 30 48
2 6 2256 67.4840 -42.7650 7 2091 89.4450 -88.6770
2.5330646619e+00 -3.5239107527e-01 -5.3999736553e+00
227 195 196
2 6 2261 309.9110 -45.2770 7 2123 309.3580 -101.2920
2.0584365137e+00 -5.3796996993e-01 -6.4930620970e+00
228 192 72
2 6 2285 211.3550 -55.9940 7 2107 212.3610 -96.1930
2.5136238434e+00 -5.2420396917e-01 -5.4617718015e+00
231 184 196
2 6 2297 304.0810 -65.4860 7 1173 302.3390 -118.4110
2.5139106356e+00 -6.0883936807e-01 -5.4933515975e+00
224 69 105
2 6 2309 302.4300 -75.1730 7 2155 299.7680 -126.7620
2.3034334442e+00 -2.0200333873e+00 -8.4306298160e+00
113 98 79
2 6 2444 181.3690 -158.8600 7 2240 169.2920 -175.6680
2.4484084066e+00 -2.1453388796e+00 -8.1361338128e+00
188 178 144
2 6 2470 199.2630 -174.7600 7 2256 186.2420 -192.0390
1.6292782878e+00 -3.4477206080e+00 -1.2767152578e+01
88 85 104
2 6 2474 84.7130 -178.1350 7 2241 65.0490 -175.9060
2.0368300631e+00 -3.2987759958e+00 -1.1626091686e+01
56 47 53
2 6 2496 116.2170 -187.2900 7 2251 97.0560 -188.1610
2.7725932209e+00 -2.7559643987e+00 -9.5648555622e+00
58 41 44
2 6 2500 191.8420 -190.0910 7 2261 173.0440 -199.6040
2.7725932209e+00 -2.7559643987e+00 -9.5648555622e+00
58 41 44
2 6 2501 191.8420 -190.0910 7 2262 173.0440 -199.6040
9.8124718979e-01 -4.2683097572e+00 -1.4539160905e+01
10 10 12
2 6 2505 44.5310 -193.5510 7 1361 22.6850 -185.4970
2.1537914723e+00 -3.4984682859e+00 -1.1220077892e+01
84 78 96
2 6 2527 127.1670 -205.7460 7 2274 107.3820 -206.7510
-1.9950017419e+00 -6.5170691865e+00 -1.9497584609e+01
80 73 88
2 6 2554 -68.6980 -219.8720 7 2265 -94.9660 -200.2690
2.6704220208e+00 -3.2462020250e+00 -9.7271956618e+00
117 111 134
2 6 2555 181.2920 -220.0210 7 1474 161.3100 -225.9900
1.5609373737e+00 -4.4610507813e+00 -1.2941283728e+01
38 35 48
2 6 2567 79.8550 -227.0970 7 2300 57.4700 -221.3760
1.5609373737e+00 -4.4610507813e+00 -1.2941283728e+01
38 35 48
2 6 2568 79.8550 -227.0970 7 2301 57.4700 -221.3760
-1.9304186651e+00 -6.9534905688e+00 -1.9921492261e+01
55 53 69
2 6 2574 -65.3550 -229.8900 7 2276 -91.9280 -208.8550
-3.6959831087e+00 3.9068374620e+00 -1.1414744170e+01
138 48 24
2 6 2602 -215.7790 228.1306 7 2348 -208.0480 232.8840
2.6261545349e-01 1.7848776403e+00 -5.8101366967e+00
115 8 12
2 6 2631 29.9170 203.1810 7 2431 66.8130 147.6843
2.2357185666e+00 1.7074165117e+00 -5.9987204071e+00
181 130 43
2 6 2656 246.6100 186.9867 7 2455 264.5900 122.8630
3.2386381397e-01 1.6115563141e+00 -5.7775379680e+00
129 2 6
2 6 2660 37.2260 184.3923 7 2448 73.0320 128.7240
2.2071735748e+00 1.6925135707e+00 -6.0299556288e+00
173 139 72
2 6 2662 242.3640 184.5261 7 2459 260.2130 121.1060
-6.0266289222e-01 2.4919839421e+00 -9.7254258261e+00
12 10 10
2 6 2683 -42.0680 172.3082 7 2420 -30.1940 156.9841
1.2140967576e+00 1.1413343764e+00 -5.1802567531e+00
185 131 143
2 6 2721 156.3100 144.2169 7 2509 187.0510 74.8320
1.2532013087e+00 1.2827809428e+00 -5.9078603820e+00
132 11 16
2 6 2723 141.1470 142.9416 7 2500 166.6390 85.9080
1.3062351692e+00 1.1790717174e+00 -5.8587266650e+00
174 24 37
2 6 2741 148.6410 132.4650 7 2510 172.8100 74.6540
-8.1985654355e-02 1.0111767602e+00 -5.6428273021e+00
115 11 13
2 6 2755 -9.7790 117.8170 7 2515 26.5920 65.5690
-1.0736578416e+00 7.6603446875e-01 -4.5457220224e+00
229 167 181
2 6 2772 -157.5650 108.3560 7 2542 -97.2290 44.4850
1.0882021783e-01 8.5939783512e-01 -5.5102866661e+00
181 25 39
2 6 2779 13.0130 101.9110 7 2538 49.1830 47.7580
-8.5067933706e-01 7.1162484235e-01 -4.5191916508e+00
235 173 186
2 6 2780 -125.6540 101.1090 7 2553 -66.7500 35.3760
-8.8712171775e-01 6.9258292069e-01 -4.5452229618e+00
226 155 168
2 6 2791 -130.4500 97.5860 7 2557 -71.6010 33.1680
2.9711347721e-02 8.0562740530e-01 -5.4959618547e+00
113 3 6
2 6 2796 3.5420 95.7190 7 1851 39.8950 41.9510
-6.7518895583e-01 6.4985116503e-01 -4.5485600200e+00
170 104 125
2 6 2806 -99.1420 91.4940 7 2566 -42.6780 25.7070
4.2896857863e-01 7.3322638612e-01 -5.3600483792e+00
242 226 228
2 6 2809 53.3790 88.8090 7 2559 87.9320 31.3040
2.7941320372e-01 7.1601197228e-01 -5.3017464140e+00
218 198 209
2 6 2812 35.3840 87.8060 7 1869 71.2930 29.8220
-8.1695712302e-01 6.1232704168e-01 -4.5960185601e+00
246 229 240
2 6 2817 -118.8530 84.9480 7 2571 -62.1510 21.7810
-6.4840792955e-01 5.9891285092e-01 -4.5644359442e+00
189 126 143
2 6 2820 -94.9640 83.6640 7 2577 -39.2230 18.6570
-6.4840792955e-01 5.9891285092e-01 -4.5644359442e+00
189 126 143
2 6 2821 -94.9640 83.6640 7 2578 -39.2230 18.6570
1.4766563592e+00 7.3937410072e-01 -5.7897711455e+00
163 24 31
2 6 2822 170.4690 83.5360 7 2564 189.6310 26.4370
-1.2391364580e-01 6.6834927485e-01 -5.3450168666e+00
210 35 60
2 6 2827 -15.9630 80.7020 7 1874 23.5360 27.0680
1.2071227392e+00 6.6448658797e-01 -5.6303459923e+00
148 18 24
2 6 2832 143.3580 76.7860 7 1891 166.3540 19.4710
1.4537331718e+00 6.6187734698e-01 -5.7675509583e+00
162 24 28
2 6 2835 168.2220 74.6500 7 1894 187.8450 18.3960
-5.4332324372e-01 5.3020472784e-01 -4.6310724389e+00
226 170 182
2 6 2838 -78.4500 72.6390 7 2586 -25.4270 8.9740
3.5706360713e-01 5.8335150420e-01 -5.4294636978e+00
158 25 44
2 6 2845 43.9380 69.3200 7 1906 77.1320 14.4400
2.0382266754e+00 6.2033540469e-01 -6.2980840919e+00
128 70 63
2 6 2849 215.4690 64.3370 7 2583 225.8700 13.0700
-4.1886786928e-01 4.5053446896e-01 -4.6133783297e+00
207 154 169
2 6 2851 -60.7820 61.2710 7 1932 -8.9250 -2.6090
-9.8398403128e-01 4.1860791889e-01 -4.5580995475e+00
161 178 219
2 6 2854 -144.0500 57.2730 7 2599 -86.7830 -4.0880
-4.0340576156e-01 3.8315546821e-01 -4.6762163740e+00
176 116 134
2 6 2865 -57.5610 51.0460 7 1945 -7.9070 -11.3460
5.0479255917e-01 2.8338973956e-01 -5.6545788844e+00
222 40 64
2 6 2890 59.9430 31.4100 7 1964 86.8680 -18.8020
1.2063127100e+00 2.8034905603e-01 -5.7683743338e+00
185 31 43
2 6 2892 139.9290 30.5550 7 3007 159.1210 -21.4160
4.7072117947e-01 2.4694243682e-01 -5.6400448605e+00
125 4 14
2 6 2897 56.0640 27.1460 7 2630 83.1930 -22.8070
1.1428065316e+00 2.7476847729e-02 -5.4091961540e+00
184 123 138
2 6 2928 141.6490 1.1560 7 2659 161.8950 -53.6720
-6.2088410275e-01 2.8716744716e-02 -4.5979479193e+00
242 194 208
2 6 2930 -90.1390 0.0560 7 2040 -39.1500 -58.5900
-7.6545253633e-01 -1.1840713740e-02 -4.5924908127e+00
249 199 210
2 6 2936 -111.5950 -6.2340 7 2053 -58.6660 -62.9710
-5.7807086257e-01 -6.0230169497e-02 -4.7505177911e+00
228 179 190
2 6 2944 -81.2030 -12.2960 7 2064 -34.1120 -67.5230
-1.0383643999e+00 -1.1661996217e-01 -4.9753419136e+00
230 162 175
2 6 2952 -138.9990 -18.8130 7 2065 -93.1290 -67.9990
5.2532993214e-01 -2.2164301686e-01 -5.7731220067e+00
173 27 36
2 6 2965 60.9670 -27.9050 7 2680 83.6440 -71.9990
2.1398612869e+00 -2.5943286428e-01 -6.1606545770e+00
113 69 10
2 6 2968 231.1290 -29.3540 7 2078 234.6590 -75.4620
7.1525118557e-01 -2.5508194948e-01 -5.4889522591e+00
190 29 45
2 6 2976 87.3670 -33.5680 7 2691 110.3290 -81.8990
7.5373282800e-01 -4.0152043215e-01 -5.5115934726e+00
196 30 48
2 6 3001 91.5120 -51.2990 7 2701 113.1580 -97.7090
2.0768208179e+00 -8.4369901001e-01 -6.5157517479e+00
219 187 72
2 6 3035 211.9600 -87.2100 7 2149 211.5140 -123.9450
1.9060039777e+00 -1.1455595935e+00 -6.7946344905e+00
204 181 69
2 6 3068 186.6030 -113.1000 7 2187 185.2780 -144.2890
1.2075129905e+00 -2.3084863613e+00 -1.2173825942e+01
121 95 72
2 6 3078 66.0230 -125.0470 7 2154 51.2750 -126.7510
1.1586796855e-01 -2.6041438256e+00 -1.2395389605e+01
107 80 72
2 6 3096 5.6120 -139.1340 7 2178 -7.0640 -136.7000
1.6436844863e+00 -2.7728421674e+00 -1.2544333277e+01
47 39 44
2 6 3104 87.1600 -145.7380 7 2193 69.4820 -146.0610
1.2126683661e+00 -3.1110100294e+00 -1.3804470990e+01
44 38 47
2 6 3111 58.1440 -148.6320 7 2749 39.4670 -144.6410
-4.8641130298e-01 -3.1060131075e+00 -1.3077182268e+01
106 82 85
2 6 3117 -25.3650 -157.0780 7 2755 -39.7030 -151.3050
-1.5117304839e+00 -3.2478803252e+00 -1.3397151585e+01
85 77 89
2 6 3123 -75.5250 -159.8770 7 2204 -89.9870 -152.2440
1.9551554265e+00 -3.3148689009e+00 -1.1838870284e+01
51 46 60
2 6 3147 109.5970 -184.7920 7 2783 90.3830 -185.1210
2.4990161101e+00 -2.9722838333e+00 -1.0342702558e+01
60 52 63
2 6 3154 160.2090 -189.5950 7 2793 141.2770 -195.6010
2.4990161101e+00 -2.9722838333e+00 -1.0342702558e+01
60 52 63
2 6 3155 160.2090 -189.5950 7 2794 141.2770 -195.6010
2.6959711053e+00 -2.8591205813e+00 -9.7765951677e+00
60 46 62
2 6 3159 182.6380 -192.8600 7 2796 163.5400 -201.2520
6.0110339406e-01 -4.1008944612e+00 -1.3789566469e+01
12 12 12
2 6 3162 28.7700 -196.1190 7 2788 8.5630 -189.1000
2.8375948135e+00 -2.8573461405e+00 -9.3099983982e+00
56 44 54
2 6 3171 201.4250 -202.3530 7 2804 182.0100 -212.0840
7.1572430568e-01 -4.3707319580e+00 -1.4193922346e+01
10 10 10
2 6 3172 33.2140 -203.0470 7 3113 11.8900 -194.8470
7.1572430568e-01 -4.3707319580e+00 -1.4193922346e+01
10 10 10
2 6 3173 33.2140 -203.0470 7 3114 11.8900 -194.8470
2.3121604666e+00 -3.8956108633e+00 -1.0864386739e+01
84 79 98
2 6 3198 140.6870 -236.1680 7 2329 119.1840 -236.3960
-3.1363648326e+00 3.6393207886e+00 -1.1664683219e+01
136 51 17
2 6 3218 -179.8920 208.8721 7 2845 -173.1400 211.7891
-3.1363648326e+00 3.6393207886e+00 -1.1664683219e+01
136 51 17
2 6 3219 -179.8920 208.8721 7 2846 -173.1400 211.7891
3.8104249317e-01 1.6127651303e+00 -5.8311751448e+00
124 3 10
2 6 3232 43.7840 183.1705 7 2898 77.8350 127.4380
5.3109493748e-01 1.5756992118e+00 -5.7410814372e+00
140 8 15
2 6 3237 61.4760 181.2398 7 2903 96.2150 123.9730
2.2580770481e+00 1.6549988569e+00 -6.0019323949e+00
188 163 106
2 6 3238 248.9970 181.1382 7 2471 266.2840 117.2350
1.4560422922e+00 1.4173212361e+00 -5.3179876915e+00
127 84 93
2 6 3243 182.0820 174.8425 7 2916 211.0160 104.5950
-1.0319689893e+00 8.1397257121e-01 -4.5334510525e+00
152 97 120
2 6 3287 -151.9820 115.6060 7 2948 -91.1370 50.9940
-8.8470912379e-01 7.8494280214e-01 -4.5242513391e+00
224 165 176
2 6 3292 -130.6680 111.6510 7 2952 -70.8310 45.9620
1.3929228372e+00 9.5527349573e-01 -5.7570038190e+00
130 11 17
2 6 3295 161.6880 109.0050 7 2532 183.5300 50.1780
1.0598550444e+00 7.3571473444e-01 -5.6019326954e+00
189 32 43
2 6 3314 126.9880 86.0050 7 2563 151.3590 27.7860
2.2744257545e-01 6.4084658647e-01 -5.3801996884e+00
161 131 139
2 6 3323 28.2060 77.0750 7 2973 63.5120 21.6500
-4.1348333331e-01 3.2267363400e-01 -4.6399642851e+00
189 128 143
2 6 3342 -59.4360 42.6720 7 2626 -9.4470 -19.7690
3.2139333541e-01 -2.7604089858e-01 -6.0817731687e+00
163 22 33
2 6 3388 35.4240 -32.2290 7 3042 56.6770 -71.5360
5.0448755090e-01 -2.9521120581e-01 -5.8710710879e+00
178 28 43
2 6 3390 57.6820 -35.6450 7 2688 78.9660 -78.0540
5.6943792123e-01 -1.9068863763e+00 -1.2281723948e+01
109 86 68
2 6 3434 30.1080 -102.8510 7 2708 19.0960 -102.8790
2.1198574232e+00 -1.2286289417e+00 -6.3359126817e+00
212 187 63
2 6 3458 221.7970 -130.0640 7 3103 219.2550 -164.3290
2.1198574232e+00 -1.2286289417e+00 -6.3359126817e+00
212 187 63
2 6 3459 221.7970 -130.0640 7 3104 219.2550 -164.3290
1.3906579169e+00 -2.5431840987e+00 -1.2358991298e+01
17 29 48
2 6 3464 74.8390 -135.7400 7 3086 58.7720 -136.6080
2.2971796781e+00 -1.9398742048e+00 -8.4601083464e+00
178 170 139
2 6 3479 180.2200 -152.1510 7 3105 168.7180 -169.1570
2.1812981701e+00 -3.2781721537e+00 -1.1177575054e+01
52 41 50
2 6 3498 129.3820 -193.5890 7 3116 110.2190 -195.6470
2.7237977429e+00 -3.1595145931e+00 -1.0105746020e+01
98 97 121
2 6 3512 178.3620 -206.0050 7 2803 157.8740 -212.0490
2.6483316762e+00 -3.1811132411e+00 -9.8672583668e+00
53 42 52
2 6 3516 177.5250 -212.4860 7 3127 157.4960 -218.7650
-1.7878285147e+00 3.2342158474e+00 -1.1145931462e+01
95 48 19
2 6 3540 -107.8670 195.0895 7 2857 -99.7280 190.7391
5.8958170107e-01 1.7316763330e+00 -5.8631031125e+00
64 2 0
2 6 3541 66.9180 195.3476 7 2888 100.5680 138.7460
2.3937801273e+00 1.4242867618e+00 -5.5865313682e+00
198 170 98
2 6 3557 283.0520 166.5199 7 2926 299.0780 95.9450
8.1551890728e-01 9.7789751575e-01 -5.6136487636e+00
151 15 29
2 6 3577 96.9810 114.2180 7 3203 126.6650 56.7130
-2.1325067033e-01 7.6686859761e-01 -5.3885226706e+00
151 13 29
2 6 3587 -26.5620 92.6920 7 3209 12.7690 38.8680
2.1390309154e+00 7.8444397045e-01 -5.9576971401e+00
196 141 142
2 6 3589 238.4490 85.8140 7 2963 250.9090 28.2310
2.4345957758e+00 6.7378776137e-01 -5.6056744680e+00
214 185 121
2 6 3593 287.5640 77.6280 7 3220 296.7230 13.7610
-1.0638627227e+00 4.1853738212e-01 -4.6213703397e+00
241 190 207
2 6 3608 -153.7100 56.4050 7 2994 -96.9660 -2.9240
2.2214941244e+00 4.8015911298e-01 -6.2586686324e+00
188 146 42
2 6 3615 236.3370 49.9610 7 2993 243.4890 -1.9810
-9.8277792542e-01 1.4969158203e-01 -4.6390669721e+00
237 179 193
2 6 3632 -141.3940 17.5320 7 3241 -87.3450 -39.5520
2.2811765817e-01 6.2224560842e-02 -6.0217487067e+00
207 30 52
2 6 3637 26.0440 5.6640 7 2647 49.1210 -37.7550
2.5360779691e+00 -1.9401920775e-01 -5.4007424412e+00
224 38 63
2 6 3652 310.3080 -25.9330 7 3262 311.1120 -83.9150
3.6931639466e-01 -2.2844586303e-01 -5.9816751685e+00
206 32 56
2 6 3653 41.4070 -27.5000 7 3254 63.4120 -68.5260
2.5558475691e+00 -2.7006873997e-01 -5.3628357792e+00
227 178 194
2 6 3658 314.6670 -35.5430 7 3268 314.7230 -93.0840
2.5410914473e+00 -3.4361796516e-01 -5.3668496397e+00
222 182 193
2 6 3660 312.8530 -44.4050 7 3274 312.0010 -101.1970
2.5410914473e+00 -3.4361796516e-01 -5.3668496397e+00
222 182 193
2 6 3661 312.8530 -44.4050 7 3275 312.0010 -101.1970
2.0909459438e+00 -4.8812710873e-01 -6.1825536178e+00
192 140 152
2 6 3666 224.8830 -53.9660 7 3272 227.6310 -97.2140
1.8709190133e+00 -2.1652535245e+00 -1.1974333474e+01
90 77 87
2 6 3696 103.9840 -119.1810 7 3291 88.3380 -122.9060
4.7597107573e-01 -3.2459319740e+00 -1.2954428197e+01
105 80 64
2 6 3706 24.1070 -165.5710 7 3302 7.6470 -161.4950
2.4136099105e+00 -2.0456152875e+00 -8.1917130766e+00
188 174 148
2 6 3707 195.3190 -165.5430 7 3310 182.7960 -183.3410
2.9730191509e+00 -2.9078129874e+00 -9.0207661977e+00
60 49 63
2 6 3721 217.3980 -212.3160 7 3325 197.1060 -222.7400
1.4259441154e+00 -4.4402516998e+00 -1.3319141550e+01
68 65 75
2 6 3725 70.9870 -219.5580 7 3323 48.4700 -213.4900
2.3562167278e+00 -3.6132200460e+00 -1.0683004723e+01
37 33 48
2 6 3727 145.9850 -222.8710 7 3326 125.2250 -224.8940
8.2176306571e-01 -4.9193993223e+00 -1.4498967271e+01
42 42 51
2 6 3729 37.3280 -223.5400 7 3322 14.2810 -213.7760
-7.5420037735e-01 3.3249422192e+00 -1.0229534018e+01
27 17 13
2 6 3739 -50.4320 217.6945 7 3334 -37.2250 206.1642
2.3878991305e+00 1.7658098202e+00 -5.5398172497e+00
191 166 47
2 6 3743 283.9400 208.0806 7 3348 303.4970 134.2770
1.2408718768e+00 1.4637056883e+00 -5.4549871150e+00
134 93 110
2 6 3753 151.5780 176.5616 7 3178 181.6770 109.8800
-5.6449864837e-01 2.2584109343e+00 -9.6440194325e+00
26 22 21
2 6 3759 -40.1440 157.2590 7 3347 -27.8950 142.1506
8.1831439453e-01 8.0885823566e-01 -5.5368263027e+00
166 21 27
2 6 3782 99.3140 95.7900 7 3210 127.3220 37.3330
-1.4206568427e-01 7.2141524758e-01 -5.3861312750e+00
194 33 50
2 6 3787 -17.7070 87.0910 7 3383 20.8350 33.1160
2.5037666743e+00 7.2251564287e-01 -5.4713889199e+00
214 159 61
2 6 3788 302.4010 85.1080 7 3217 311.7640 18.2700
-1.2854393928e-01 5.8807861451e-01 -5.4600182209e+00
221 210 224
2 6 3792 -15.5350 69.8580 7 3218 20.5320 17.4660
1.5347159515e+00 5.8078946249e-01 -5.8032447630e+00
192 34 55
2 6 3795 176.5970 64.9870 7 3222 194.2470 9.3280
-1.4477892993e-02 4.6745787384e-01 -5.4915946726e+00
228 55 94
2 6 3797 -1.7290 54.5670 7 3224 32.7730 3.3330
-1.4477892993e-02 4.6745787384e-01 -5.4915946726e+00
228 55 94
2 6 3798 -1.7290 54.5670 7 3225 32.7730 3.3330
1.1664513217e+00 1.4007479663e-01 -5.5405820750e+00
189 122 139
2 6 3810 141.0490 14.7770 7 3407 161.0390 -39.2180
6.7822903252e-01 -2.3488981371e+00 -1.2112241342e+01
24 23 26
2 6 3842 37.3480 -127.8360 7 3513 23.5250 -128.8930
1.1307682677e+00 -4.1872087132e+00 -1.4334234220e+01
50 44 52
2 6 3854 52.1030 -192.6170 7 3436 30.3870 -185.1700
2.2899976277e+00 -3.7037902613e+00 -1.0948380479e+01
74 72 95
2 6 3861 138.2030 -223.1900 7 3442 117.7990 -223.6830
-4.2545542072e-02 1.1827850601e+00 -5.7317521156e+00
163 14 25
2 6 3885 -5.1690 135.9900 7 3468 31.0940 84.1120
8.8159755853e-01 5.3666258414e-01 -5.4417007303e+00
212 196 202
2 6 3900 108.1600 63.2970 7 3482 136.0750 6.3570
8.8159755853e-01 5.3666258414e-01 -5.4417007303e+00
212 196 202
2 6 3901 108.1600 63.2970 7 3483 136.0750 6.3570
2.4023031543e+00 3.6936268367e-01 -5.6275416235e+00
217 190 121
2 6 3905 283.1400 41.7120 7 3492 289.5730 -18.9680
-1.6851494346e-01 2.5263722867e-01 -5.5879467610e+00
230 212 228
2 6 3909 -20.9200 27.2020 7 3395 13.8700 -18.7490
-1.2185874824e+00 1.1718033098e-01 -4.8657748525e+00
232 158 173
2 6 3910 -167.4660 12.0490 7 3495 -115.6610 -38.5600
2.2544247010e+00 -7.7024235857e-01 -6.3068011091e+00
208 183 76
2 6 3924 236.8100 -82.7760 7 3566 236.6330 -121.8460
2.1879121068e-01 -2.6020408709e+00 -1.2289641246e+01
101 75 60
2 6 3932 11.5500 -139.9440 7 3514 -1.7160 -138.5120
-1.8604014893e+00 -2.8445633423e+00 -1.2502486654e+01
85 82 101
2 6 3933 -99.7410 -150.4350 7 3515 -110.4840 -143.9350
3.3806780514e-01 -3.4545512647e+00 -1.3164904962e+01
9 9 9
2 6 3934 17.1010 -172.9600 7 3518 -0.7080 -168.5880
2.5521490655e+00 -2.8183030408e+00 -1.0173220334e+01
100 96 118
2 6 3937 166.3050 -182.8650 7 3523 147.9550 -190.0080
-2.9594865826e+00 3.1535007880e+00 -1.1902059266e+01
24 22 27
2 6 3956 -167.3670 177.4431 7 3454 -161.1910 181.1414
6.4705775518e-01 1.1202899176e+00 -5.6069345763e+00
128 9 12
2 6 3961 77.0890 131.4290 7 3543 109.0950 73.6530
1.4106995831e+00 3.4556519555e-01 -5.6825522164e+00
67 9 10
2 6 3974 166.1760 38.8150 7 3555 183.7050 -16.3710
-7.9972665717e-02 2.1198586537e-01 -5.6830330015e+00
199 31 51
2 6 3978 -9.6610 22.4830 7 3400 22.0690 -23.2110
1.8210356692e+00 -1.0865526470e+00 -7.0159147543e+00
200 180 66
2 6 3994 172.9440 -103.8120 7 3568 171.8280 -133.8410
-1.2862538346e+00 -2.9298601678e+00 -1.2548473644e+01
58 58 69
2 6 3996 -68.4350 -153.9480 7 3570 -81.1130 -149.2000
1.0022816078e+00 -3.7225273356e+00 -1.3860391102e+01
51 49 60
2 6 3999 47.7390 -177.2450 7 3573 27.9290 -171.3150
2.5451621911e+00 -3.4367249124e+00 -1.0303685711e+01
72 66 88
2 6 4002 163.2490 -219.9150 7 3578 142.8650 -223.4810
-1.7808024192e-02 1.5312647891e+00 -5.8725654474e+00
160 15 26
2 6 4012 -1.7010 172.9230 7 3583 33.4760 120.3830
2.4742478994e+00 5.9263327696e-01 -5.5610471999e+00
214 155 47
2 6 4030 294.5330 68.5710 7 3597 302.4590 4.4560
-9.9582547546e-02 3.2707181330e-01 -5.5249070667e+00
235 234 242
2 6 4033 -12.2440 37.0170 7 3554 22.1000 -11.7850
2.1042646633e+00 -6.2106582677e-01 -6.3619745409e+00
218 185 69
2 6 4043 220.4140 -65.8180 7 3609 220.5980 -106.8160
1.4845653640e+00 -4.2117530243e+00 -1.2347512773e+01
51 48 65
2 6 4058 79.8720 -224.6230 7 3617 58.4100 -220.8520
5.7749055011e-01 1.5353276973e+00 -5.8133554313e+00
146 12 20
2 6 4064 66.0820 174.4682 7 3625 99.3490 118.2590
5.2613549533e-01 1.3489831894e+00 -5.8361166853e+00
24 8 9
2 6 4066 60.6980 153.1279 7 3626 91.4800 97.5150
1.3811046150e+00 -4.0350631640e+00 -1.3212811985e+01
56 51 64
2 6 4076 69.3550 -201.2820 7 3640 48.1310 -196.4270
1.9759173979e+00 8.4334615326e-01 -6.2538641455e+00
192 132 142
2 6 4081 209.9370 88.2200 7 3652 223.5520 35.5990
-4.9478487393e-02 5.4771578568e-01 -5.4395225886e+00
244 238 244
2 6 4084 -5.9010 65.0780 7 3653 29.6950 12.3320
2.2533056411e+00 7.0094919004e-01 -5.9814162274e+00
217 166 52
2 6 4097 250.2680 76.3400 7 3663 260.2500 18.9220
9.7058782375e-01 -2.6630844805e-01 -5.4428389773e+00
215 147 158
2 6 4099 118.9080 -35.6250 7 3667 140.4110 -84.7130
