# Bundle file v0.3
9 583
0 0 0
0 0 0
0 0 0
0 0 0
0 0 0
0 0 0
0 0 0
0 0 0
0 0 0
0 0 0
0 0 0
0 0 0
0 0 0
0 0 0
0 0 0
0 0 0
0 0 0
0 0 0
0 0 0
0 0 0
0 0 0
0 0 0
0 0 0
0 0 0
0 0 0
0 0 0
0 0 0
0 0 0
0 0 0
0 0 0
6.6080306000e+02 0.0000000000e+00 0.0000000000e+00
1.0000000000e+00 0.0000000000e+00 0.0000000000e+00
0.0000000000e+00 1.0000000000e+00 0.0000000000e+00
0.0000000000e+00 0.0000000000e+00 1.0000000000e+00
-0.0000000000e+00 -0.0000000000e+00 -0.0000000000e+00
6.6080306000e+02 0.0000000000e+00 0.0000000000e+00
9.9703124943e-01 5.1910854288e-02 5.6867836800e-02
-4.8984359582e-02 9.9746057321e-01 -5.1700458508e-02
-5.9407240060e-02 4.8761338176e-02 9.9704218152e-01
5.9137851510e-01 -7.0458575029e-01 -3.9221215225e-01
0 0 0
0 0 0
0 0 0
0 0 0
0 0 0
2.2345781604e+00 -8.8797171315e-01 -6.2587729746e+00
177 153 53
2 6 1167 235.9520 -93.7320 7 1210 234.5840 -133.5860
2.2394325160e+00 -7.8574753219e-01 -6.2817660782e+00
215 190 72
2 6 2322 235.6280 -82.6120 7 2147 234.7800 -123.2910
1.9301392493e+00 -1.1683740749e+00 -6.8315109921e+00
204 181 69
2 6 3067 186.6030 -113.1000 7 2186 185.2780 -144.2890
2.2267439769e+00 -8.2481063698e-01 -6.2839658067e+00
216 192 82
2 6 1156 234.1840 -86.7130 7 1194 233.2640 -126.9070
1.9362693027e+00 -1.1305177007e+00 -6.8444209294e+00
40 28 0
2 6 1204 186.9180 -109.1660 7 1227 185.5640 -140.7220
-6.3825055108e-01 2.2081923944e+00 -9.8965475589e+00
29 26 27
2 6 364 -42.7090 147.3625 7 415 -32.1210 133.4230
-3.3379405776e+00 3.6824193015e+00 -1.1800568925e+01
133 53 23
2 6 1711 -186.8640 206.2555 7 173 -180.4890 209.8669
-3.2380214219e+00 3.6095944001e+00 -1.1667305804e+01
141 75 64
2 6 183 -183.4040 204.4263 7 184 -176.4690 207.3593
-4.4894082461e+00 3.7403570306e+00 -1.1504492288e+01
132 77 67
2 6 100 -257.8211 214.8846 7 1543 -251.5919 222.3366
-5.2432018364e+00 3.7588315498e+00 -1.1320129165e+01
115 40 24
2 6 1677 -306.0891 219.3971 7 1528 -300.4142 229.6683
2.3364340389e+00 -1.3236456922e+00 -6.0388833191e+00
212 157 54
2 6 1287 255.5800 -144.9100 7 1349 250.6470 -182.4030
2.3364340389e+00 -1.3236456922e+00 -6.0388833191e+00
212 157 54
2 6 1286 255.5800 -144.9100 7 1348 250.6470 -182.4030
-1.5239003722e+00 3.2580955461e+00 -1.1022275609e+01
66 18 8
2 6 1742 -91.2870 195.3925 7 238 -82.3290 189.2760
-1.8274526693e+00 3.3532847104e+00 -1.1065902624e+01
97 45 18
2 6 1730 -109.0400 200.3193 7 1588 -99.9750 195.5506
-1.5057912473e+00 3.1833626802e+00 -1.1168097251e+01
72 24 13
2 6 1762 -89.0680 188.3804 7 260 -80.8420 182.8183
2.3725026263e+00 1.6393838947e+00 -5.5769885536e+00
194 169 114
2 6 3747 280.6160 193.9240 7 3171 299.9770 121.4770
-1.9007164140e+00 3.3459442961e+00 -1.1176012693e+01
28 14 15
2 6 2639 -112.3520 197.8634 7 2382 -103.6550 193.8738
-1.8644089051e+00 3.2384959759e+00 -1.1275639542e+01
29 15 12
2 6 2649 -109.3410 189.7204 7 1601 -101.1150 186.1106
-1.8204040315e+00 3.2397148003e+00 -1.1500617914e+01
94 45 21
2 6 2657 -104.3160 186.3986 7 1603 -97.7390 182.7760
2.5605697990e+00 -4.9361277043e-01 -5.4910620539e+00
225 182 186
2 6 3671 308.2310 -59.3360 7 3284 306.7730 -113.6200
2.5605697990e+00 -4.9361277043e-01 -5.4910620539e+00
225 182 186
2 6 3670 308.2310 -59.3360 7 3283 306.7730 -113.6200
2.1994564503e+00 -8.4482683782e-01 -6.3838213584e+00
220 192 75
2 6 2331 227.6280 -87.4850 7 2153 226.7770 -126.3230
2.3854739149e+00 1.6945223890e+00 -5.5785222686e+00
192 142 49
2 6 2638 282.2140 200.4935 7 1720 301.5630 127.3810
2.5588635844e+00 -4.2743296764e-01 -5.4906630661e+00
234 182 181
2 6 1076 308.0520 -51.3730 7 1144 307.1500 -106.4630
2.5004810937e+00 1.0357211383e+00 -5.4799040259e+00
214 183 107
2 6 429 301.7180 125.0230 7 638 313.4850 54.1860
1.9362693027e+00 -1.1305177007e+00 -6.8444209294e+00
40 28 0
2 6 1203 186.9180 -109.1660 7 1226 185.5640 -140.7220
2.2437589636e+00 -7.0464015290e-01 -6.2406403815e+00
215 189 74
2 6 3023 237.6100 -74.5920 7 2722 237.4190 -116.4250
2.2180009133e+00 -9.0037649367e-01 -6.3038442972e+00
221 196 81
2 6 2350 232.6180 -94.2870 7 2172 231.0520 -133.6830
2.2180009133e+00 -9.0037649367e-01 -6.3038442972e+00
221 196 81
2 6 2349 232.6180 -94.2870 7 2171 231.0520 -133.6830
2.1656681128e+00 -9.5511291517e-01 -6.3849992783e+00
213 187 80
2 6 2357 224.2350 -98.7610 7 2179 222.6990 -136.6830
-1.3757205657e+00 3.1695475465e+00 -1.1227287715e+01
44 11 9
2 6 1769 -80.8640 186.6433 7 1609 -73.1330 180.6720
-9.5045675811e-01 4.8891843410e-01 -4.5659066680e+00
255 254 254
2 6 3328 -137.4750 70.8380 7 2985 -80.3110 8.8460
2.1899021484e+00 -1.0935442554e+00 -6.4387113888e+00
213 188 63
2 6 3838 224.7740 -112.2090 7 3431 222.1370 -148.3050
3.4265037244e-01 3.3653051517e+00 -1.0325466296e+01
14 14 13
2 6 105 21.7630 215.2382 7 216 32.8020 198.7538
-1.3780107989e+00 3.1365543803e+00 -1.1327755764e+01
66 29 12
2 6 272 -80.2400 183.0990 7 278 -73.0870 177.4418
6.5453370566e-01 1.7771025686e+00 -5.7769007720e+00
162 20 29
2 6 189 74.7560 203.1893 7 367 109.2140 144.5604
2.4192678881e+00 1.7916044109e+00 -5.5492567224e+00
192 163 77
2 6 1693 287.5070 212.9742 7 388 307.8870 138.5360
2.4931161787e+00 1.3515472320e+00 -5.5259852707e+00
204 175 103
2 6 1814 298.0000 161.5349 7 535 312.9900 89.2060
5.1135573947e-01 1.1105264199e+00 -5.5556302612e+00
145 33 57
2 6 407 60.7020 131.9910 7 572 94.4210 74.5140
-7.6015547431e-01 7.7873278229e-01 -4.5569576453e+00
221 159 171
2 6 474 -110.2510 112.9040 7 657 -52.4370 47.0010
5.5070840688e-01 1.0122234287e+00 -5.5296839161e+00
209 138 156
2 6 440 65.7630 120.9230 7 607 98.6350 63.3230
1.5815427680e+00 1.0803706482e+00 -5.2282779885e+00
159 96 109
2 6 1840 199.9710 136.6060 7 601 225.4300 66.1700
-8.9597209490e-01 6.4237943786e-01 -4.5416134571e+00
236 199 216
2 6 552 -130.3480 93.4810 7 717 -72.0110 29.3440
-1.3210368510e-01 5.8992426679e-01 -5.3278243538e+00
209 177 194
2 6 621 -16.4540 73.1050 7 753 21.9160 19.3890
5.6368815359e-02 6.0041238819e-01 -5.3323531827e+00
237 225 237
2 6 613 6.9390 74.3640 7 754 43.7160 19.4860
2.4917995375e+00 6.8936071956e-01 -5.5643315719e+00
216 181 106
2 6 1972 295.7670 81.7620 7 763 305.2430 16.3240
6.4036864594e-01 -4.1229253058e-01 -5.5549816238e+00
188 26 46
2 6 1064 76.1030 -49.1120 7 1106 98.5640 -94.8230
6.4036864594e-01 -4.1229253058e-01 -5.5549816238e+00
188 26 46
2 6 1063 76.1030 -49.1120 7 1107 98.5640 -94.8230
2.5733136608e+00 -3.2780028490e-01 -5.3877311651e+00
216 77 126
2 6 1033 315.6330 -40.1920 7 1113 315.5920 -97.9220
2.2267439769e+00 -8.2481063698e-01 -6.2839658067e+00
216 192 82
2 6 1157 234.1840 -86.7130 7 1195 233.2640 -126.9070
2.0244751165e+00 -2.0371514208e+00 -1.1538882846e+01
62 50 54
2 6 1219 115.9770 -116.6250 7 1183 100.7350 -122.1550
1.9085392170e+00 -2.3720541351e+00 -1.1962122290e+01
97 86 100
2 6 1258 105.4000 -131.0640 7 1212 89.0770 -134.0310
2.0903012851e+00 -2.1919851937e+00 -1.1241825009e+01
106 93 111
2 6 1253 122.8990 -128.8190 7 1215 107.3320 -134.7470
1.2575292009e+00 -3.0180098849e+00 -1.3803046052e+01
74 67 78
2 6 1284 60.2190 -144.4670 7 1228 41.5140 -140.8020
2.3747798280e+00 -1.1625657836e+00 -5.9873348931e+00
197 196 105
2 6 1250 262.0880 -128.3160 7 1298 257.7260 -168.3240
2.3344974379e+00 -2.4943680866e+00 -1.0948384458e+01
75 68 81
2 6 1305 140.9160 -150.5370 7 1262 123.7560 -156.5780
2.4899594849e+00 -2.5373120103e+00 -1.0308975052e+01
106 99 115
2 6 1336 159.5480 -162.6950 7 1303 142.3410 -170.5130
2.4899594849e+00 -2.5373120103e+00 -1.0308975052e+01
106 99 115
2 6 1337 159.5480 -162.6950 7 1304 142.3410 -170.5130
1.2253564792e+00 -3.6622568710e+00 -1.4030977835e+01
40 33 39
2 6 1381 57.7130 -172.4740 7 1289 37.2550 -166.7350
1.8391087631e+00 -3.1776516516e+00 -1.2161370061e+01
76 72 86
2 6 1383 99.9380 -172.6540 7 1311 81.0800 -172.4490
2.4227165059e+00 -2.6759123424e+00 -1.0540039765e+01
73 58 66
2 6 1362 151.8360 -167.8170 7 1318 134.2030 -174.2300
1.9633777001e+00 -3.0503748112e+00 -1.1701413375e+01
89 85 100
2 6 1384 110.8760 -172.2610 7 1314 92.4980 -173.6360
1.9641251074e+00 -3.1303133542e+00 -1.1739738013e+01
56 49 62
2 6 1401 110.5400 -176.2140 7 1324 91.9020 -177.1850
2.4312344262e+00 -2.8838957506e+00 -1.0413028952e+01
57 46 59
2 6 1421 154.2200 -183.0710 7 1372 135.9140 -188.8610
1.9556338843e+00 -3.4626477862e+00 -1.1754488647e+01
52 47 69
2 6 1460 109.9440 -194.6560 7 1392 90.2390 -194.3770
2.2822679408e+00 -3.2130411810e+00 -1.0807664754e+01
87 83 99
2 6 1468 139.5580 -196.4370 7 1408 120.2330 -199.6660
2.1324860786e+00 -3.3830525403e+00 -1.1255662261e+01
88 81 96
2 6 1477 125.1940 -198.6150 7 1410 105.5540 -199.8890
2.4994834728e+00 -3.1308822324e+00 -1.0279732819e+01
69 59 74
2 6 1491 160.5770 -201.3510 7 1431 141.1910 -206.3420
2.5219811205e+00 -3.0947494152e+00 -1.0187692832e+01
117 106 126
2 6 1490 163.5300 -200.7850 7 1428 144.1420 -206.2990
2.3411303829e+00 -3.2569174381e+00 -1.0623812276e+01
53 46 61
2 6 1494 145.5600 -202.6380 7 1427 126.1250 -206.0260
2.6682441103e+00 -2.9981566196e+00 -9.8011112259e+00
78 70 91
2 6 1492 179.8290 -202.2030 7 1434 160.3170 -209.4370
2.3629868929e+00 -3.4530306426e+00 -1.0690142087e+01
99 95 118
2 6 1531 146.0270 -213.4850 7 1445 125.7050 -215.8900
2.4130632093e+00 -3.3747151086e+00 -1.0487595018e+01
106 98 119
2 6 2539 151.9720 -212.7030 7 2289 131.9040 -215.9230
2.4953100784e+00 -3.4165757164e+00 -1.0266340482e+01
115 112 131
2 6 1554 160.5620 -219.9610 7 1460 140.0370 -223.6150
2.3984724640e+00 -3.5650760492e+00 -1.0484146761e+01
99 95 113
2 6 1578 151.1560 -224.7190 7 1477 130.3510 -227.0890
2.7168109396e+00 -3.2735670120e+00 -9.6708171371e+00
112 106 124
2 6 1573 185.4750 -223.8380 7 1485 164.8330 -229.7520
2.1649536026e+00 -3.8737201172e+00 -1.1062800091e+01
50 45 58
2 6 1606 129.3170 -231.3850 7 1489 108.0550 -230.9230
2.1356204283e+00 1.9717746348e+00 -6.2454582275e+00
116 75 22
2 6 1706 225.4440 208.2742 7 1678 245.8150 147.4428
2.3039689639e+00 1.8022089712e+00 -6.0188907818e+00
191 165 111
2 6 2640 253.1400 197.9888 7 1710 270.5510 132.3390
5.5050842785e-01 1.4289798862e+00 -5.8301108321e+00
59 0 0
2 6 2701 62.3360 161.9167 7 2483 94.6530 106.6670
2.4046437678e+00 1.5509467881e+00 -5.6115941622e+00
200 170 99
2 6 1771 283.0430 182.5560 7 484 300.3130 110.8280
2.4425389650e+00 1.5275261255e+00 -5.5840632975e+00
198 171 90
2 6 1775 288.9010 180.6706 7 1751 305.7150 108.3640
4.2424360071e-01 1.0769176583e+00 -5.5211874193e+00
156 20 54
2 6 1863 50.7310 128.8540 7 1798 85.1910 71.4400
-1.1102235850e+00 6.9834760440e-01 -4.5327053426e+00
204 140 157
2 6 513 -161.7740 101.8880 7 683 -101.3160 38.4730
-6.7443468067e-03 9.3336563061e-01 -5.5519153315e+00
102 2 5
2 6 2769 -0.7930 111.1000 7 1819 35.6460 57.7130
3.6746390036e-01 9.6305658737e-01 -5.5115533305e+00
197 134 154
2 6 468 44.0820 115.4860 7 623 78.2350 58.9290
-1.0306377252e+00 6.5161843966e-01 -4.5518216346e+00
232 173 197
2 6 1946 -149.5040 94.7120 7 709 -90.4520 31.4650
-9.3432745721e-01 6.5268073264e-01 -4.5376650149e+00
241 217 230
2 6 1947 -136.0930 95.0180 7 714 -77.1890 31.0650
-7.5587448765e-01 6.2125228730e-01 -4.5162426269e+00
217 156 171
2 6 1952 -110.5750 90.9210 7 735 -53.0590 25.4250
1.2009413552e-01 6.3483918338e-01 -5.3343137898e+00
229 220 229
2 6 1979 14.9300 78.6890 7 745 51.1510 23.0240
9.0600482003e-02 6.1590461167e-01 -5.3355443484e+00
233 219 230
2 6 1985 11.2590 76.3130 7 749 47.6250 21.0160
2.5108259046e+00 6.6244837737e-01 -5.5452964489e+00
215 158 52
2 6 2830 298.9700 78.7810 7 2582 308.2130 13.2740
-5.6808690896e-01 3.2661217113e-01 -4.5435047499e+00
221 166 176
2 6 2041 -82.6440 47.4810 7 1956 -29.3290 -15.7200
-9.5501437781e-01 2.4038418619e-01 -4.6151377637e+00
245 182 191
2 6 2079 -136.7600 34.3990 7 1975 -81.9240 -24.0530
-5.1701199966e-01 2.5479306372e-01 -4.5588490161e+00
157 99 112
2 6 2069 -74.9180 36.9540 7 884 -22.9940 -25.5960
5.8629916929e-01 2.5418567360e-01 -5.6402175114e+00
212 37 58
2 6 2088 68.6430 29.7390 7 1969 95.0870 -20.5510
-5.0972084255e-01 9.0962491663e-02 -4.6094085915e+00
157 101 113
2 6 2123 -73.0860 13.0280 7 2019 -23.2300 -46.7570
-5.4935823997e-01 1.0359751535e-02 -4.6463190209e+00
219 170 182
2 6 2159 -78.1810 1.4230 7 983 -29.0720 -56.4920
-5.5980927086e-01 -3.3487805834e-02 -4.6924414868e+00
226 178 187
2 6 2935 -79.0290 -4.9100 7 2048 -30.6450 -61.1670
9.6839778015e-01 1.3998183651e-02 -5.5975769781e+00
171 124 141
2 6 890 114.4010 1.7210 7 962 135.7180 -49.2350
1.1945501745e+00 -2.5998508601e-01 -5.3277769295e+00
206 134 146
2 6 2232 148.2360 -32.1810 7 1070 167.2760 -85.3480
4.4451726725e-01 -3.8052079404e-01 -5.9094061546e+00
188 33 47
2 6 1042 49.7410 -42.5190 7 1067 70.8300 -83.5990
6.2994696228e-01 -4.4372228185e-01 -5.5856495223e+00
204 37 56
2 6 2272 74.4880 -52.5280 7 2113 96.4970 -97.5710
6.2994696228e-01 -4.4372228185e-01 -5.5856495223e+00
204 37 56
2 6 2273 74.4880 -52.5280 7 2114 96.4970 -97.5710
2.5699671419e+00 -4.2443649169e-01 -5.4370600675e+00
232 190 201
2 6 3002 312.3640 -51.5710 7 2129 311.5280 -107.3850
2.5727930681e+00 -4.8030577010e-01 -5.4797353949e+00
230 174 188
2 6 2287 310.3050 -57.8820 7 1155 308.8680 -112.4790
2.5585904896e+00 -5.6459120665e-01 -5.4909481027e+00
233 198 214
2 6 2301 307.9670 -67.9030 7 2141 306.0290 -121.2630
-3.0449021867e-01 -2.0609139465e+00 -1.2566795080e+01
121 96 106
2 6 1198 -15.9550 -108.3120 7 1142 -27.1870 -106.5460
2.5439328602e+00 -6.0138431877e-01 -5.5566556717e+00
235 186 196
2 6 2303 302.5890 -71.4700 7 1187 300.5050 -123.4730
1.8000278851e+00 -2.1332762889e+00 -1.2208459000e+01
62 47 48
2 6 2377 97.3460 -115.5460 7 1172 81.8700 -118.3410
2.1060550982e+00 -2.3889614362e+00 -1.1368645723e+01
63 47 58
2 6 2403 122.2220 -139.0400 7 2185 106.2520 -143.5250
2.3223851714e+00 -2.2461457917e+00 -1.0742115182e+01
119 118 135
2 6 2401 142.7540 -138.2720 7 2191 127.0040 -145.6500
2.2816583143e+00 -2.3764897706e+00 -1.0935752147e+01
124 120 135
2 6 2412 137.7960 -143.6720 7 2202 121.4620 -149.9460
2.2816583143e+00 -2.3764897706e+00 -1.0935752147e+01
124 120 135
2 6 2411 137.7960 -143.6720 7 2203 121.4620 -149.9460
1.8776546199e+00 -2.8570198392e+00 -1.1915485155e+01
56 45 55
2 6 2441 104.1220 -158.4510 7 1268 86.4150 -159.8880
1.6931658425e+00 -3.0587846160e+00 -1.2525441156e+01
54 48 60
2 6 2450 89.3240 -161.3740 7 2216 70.8840 -160.5880
1.5810301579e+00 -3.2249920864e+00 -1.2938842952e+01
81 74 84
2 6 3126 80.8170 -164.6330 7 2766 61.6160 -162.5350
1.4595658743e+00 -3.3069368671e+00 -1.3152711677e+01
47 38 45
2 6 1351 73.3290 -166.1440 7 1278 54.1460 -163.0920
1.2078300909e+00 -3.5558766302e+00 -1.3914256133e+01
57 53 64
2 6 2464 57.3360 -168.8980 7 2225 37.3590 -163.5180
2.4031183582e+00 -2.5631146736e+00 -1.0515081457e+01
64 53 67
2 6 1333 150.9130 -161.1750 7 1296 133.9130 -168.0230
2.5435641091e+00 -2.5879223093e+00 -1.0092731742e+01
67 55 65
2 6 2466 166.4400 -169.5280 7 1328 149.0520 -177.7730
1.7487593447e+00 -3.3602956802e+00 -1.2311124876e+01
96 91 106
2 6 2482 93.8850 -180.3450 7 2244 74.5870 -179.1090
2.3891512147e+00 -2.8651492168e+00 -1.0630726056e+01
57 46 52
2 6 2475 148.4080 -178.1930 7 1352 130.2520 -183.3690
1.3251389559e+00 -3.7927945976e+00 -1.3493463772e+01
44 38 49
2 6 1429 65.0110 -185.6220 7 1339 44.2890 -180.6670
2.2775853802e+00 -3.0089639872e+00 -1.0904000649e+01
108 100 118
2 6 2487 137.9480 -182.4240 7 1363 119.4680 -186.1430
2.0813610522e+00 -3.2572476068e+00 -1.1493295325e+01
91 78 87
2 6 1439 119.6420 -187.2990 7 1370 100.4430 -188.4740
1.6538194006e+00 -3.6752318730e+00 -1.2615038758e+01
42 35 47
2 6 1453 86.6500 -192.4970 7 2252 66.4270 -189.5350
2.5147387749e+00 -2.8906304058e+00 -1.0111303903e+01
103 99 121
2 6 2497 164.3540 -188.9030 7 1395 145.7060 -195.7390
1.6076861508e+00 -3.8094328588e+00 -1.2696007865e+01
36 26 32
2 6 1476 83.7150 -198.2350 7 1391 63.1320 -194.6680
2.4844470108e+00 -3.0528333023e+00 -1.0323105480e+01
101 92 109
2 6 1465 158.9520 -195.4970 7 1412 139.8750 -200.7660
2.0894809605e+00 -3.4143922232e+00 -1.1291036477e+01
39 35 50
2 6 2523 122.3040 -199.8080 7 2267 102.6560 -200.8470
2.1619020046e+00 -3.5319123571e+00 -1.1131440873e+01
53 51 64
2 6 2532 128.2490 -209.7560 7 1437 108.2860 -210.5090
2.2989400300e+00 -3.4789384553e+00 -1.0867907356e+01
57 46 60
2 6 2537 139.7680 -211.5450 7 1442 119.4600 -213.4180
2.2540637189e+00 -3.5800257219e+00 -1.0907602751e+01
81 79 96
2 6 2551 136.5440 -216.8960 7 2294 116.0420 -218.1630
2.4718308623e+00 -3.3796325040e+00 -1.0372384802e+01
101 97 119
2 6 2541 157.3800 -215.4020 7 2296 137.1400 -218.8940
2.7812391890e+00 -3.0977754230e+00 -9.4589962589e+00
53 44 58
2 6 2549 194.2170 -216.4850 7 1468 173.8120 -224.2230
2.7911104165e+00 -3.1057289926e+00 -9.3435669589e+00
78 67 82
2 6 2558 197.3080 -219.7280 7 1483 176.8520 -227.7170
2.6501206945e+00 -3.3066732362e+00 -9.8453277831e+00
61 53 71
2 6 1561 177.7750 -222.0320 7 1481 157.1690 -227.3690
2.8899564572e+00 -3.1187760997e+00 -9.1231705743e+00
123 117 137
2 6 2564 209.2050 -226.0080 7 2321 188.1640 -234.6080
7.3967803947e-01 1.7241896578e+00 -5.7892314249e+00
131 4 10
2 6 2641 84.3500 196.7438 7 1700 117.6080 137.9880
6.9617332470e-01 1.6223354522e+00 -5.8204889770e+00
113 5 7
2 6 2664 78.9430 184.1113 7 1721 111.5710 126.7480
9.8020415524e-01 1.6333995251e+00 -5.7021802909e+00
142 22 33
2 6 2653 113.3730 189.1226 7 1719 145.2790 127.9810
3.7546369169e-01 1.4897900000e+00 -5.7352248074e+00
99 2 3
2 6 2689 43.2280 171.6250 7 2476 78.2090 115.5590
5.8045399884e-01 1.5302878292e+00 -5.8048375072e+00
145 11 18
2 6 3244 65.9100 174.0704 7 2468 99.1430 117.8180
2.2779356593e+00 1.7132147214e+00 -5.9752731626e+00
191 163 109
2 6 2651 251.7480 189.3511 7 2451 269.7820 124.1430
2.2779356593e+00 1.7132147214e+00 -5.9752731626e+00
191 163 109
2 6 2652 251.7480 189.3511 7 2452 269.7820 124.1430
2.2497757886e+00 1.7057163150e+00 -6.0242953803e+00
181 130 43
2 6 2655 246.6100 186.9867 7 2454 264.5900 122.8630
2.3875007774e+00 1.6590198653e+00 -5.8015434743e+00
194 143 46
2 6 3227 272.1190 189.0827 7 2464 288.7970 119.9410
9.0761889955e-02 1.3078778623e+00 -5.6383189051e+00
149 14 20
2 6 2709 10.5900 153.2419 7 2492 47.6670 98.4610
2.1297923625e-01 1.2902290256e+00 -5.6191356914e+00
160 21 22
2 6 1826 25.0890 151.7649 7 1773 61.2200 95.8370
1.7155439776e+00 1.4240083520e+00 -5.4638042036e+00
69 30 30
2 6 3246 207.3750 172.1474 7 2917 232.4960 102.9510
1.7155439776e+00 1.4240083520e+00 -5.4638042036e+00
69 30 30
2 6 3247 207.3750 172.1474 7 2918 232.4960 102.9510
1.5633266713e+00 1.3781529347e+00 -5.3861285517e+00
94 50 54
2 6 2691 191.8110 169.0892 7 2921 218.6490 99.5390
-9.8667285082e-01 7.4090445086e-01 -4.5208516816e+00
175 107 129
2 6 1921 -144.2130 108.3030 7 1845 -84.0350 43.5200
-9.8667285082e-01 7.4090445086e-01 -4.5208516816e+00
175 107 129
2 6 1922 -144.2130 108.3030 7 1846 -84.0350 43.5200
-9.4216390004e-01 7.4518023879e-01 -4.5261484834e+00
178 107 123
2 6 1919 -137.4830 108.8610 7 1847 -77.8880 43.7130
-9.4710779140e-01 7.1775319020e-01 -4.5183392253e+00
228 165 173
2 6 1931 -138.5020 104.9820 7 1855 -78.7450 40.0470
-8.0959545629e-01 7.2407165912e-01 -4.5168819353e+00
225 172 181
2 6 2774 -118.4250 105.9440 7 2548 -59.7620 39.9200
1.3117695185e+00 1.1326149597e+00 -5.8535861302e+00
130 9 14
2 6 2745 148.2130 127.9580 7 2511 171.6480 70.0450
1.3117695185e+00 1.1326149597e+00 -5.8535861302e+00
130 9 14
2 6 2746 148.2130 127.9580 7 2512 171.6480 70.0450
-9.6743191907e-02 8.6963864255e-01 -5.4406151748e+00
117 8 8
2 6 2775 -12.0640 105.3480 7 2529 26.7730 51.6920
-8.6471344901e-02 8.2981295477e-01 -5.4596141380e+00
163 21 33
2 6 2785 -10.4470 100.4530 7 2539 27.1140 46.7320
-2.3369489283e-02 8.1887621678e-01 -5.4671185237e+00
173 25 39
2 6 2787 -2.8160 98.9840 7 2540 34.1230 45.0960
-6.8037339758e-01 6.2719798821e-01 -4.5323748723e+00
170 104 125
2 6 2807 -99.1420 91.4940 7 2567 -42.6780 25.7070
6.8174435528e-01 7.2512840400e-01 -5.4955456309e+00
193 28 44
2 6 2815 81.6820 86.9490 7 2961 112.3510 30.5360
-1.0580720677e+00 4.3903717578e-01 -4.5775434096e+00
168 156 199
2 6 2017 -152.6360 63.4830 7 1923 -95.2060 2.8540
-9.3200483237e-01 4.2138816684e-01 -4.5696605133e+00
165 217 254
2 6 2852 -134.6330 61.0750 7 1928 -78.2540 -0.4620
8.9770563946e-01 6.5198442023e-01 -5.5279848400e+00
155 20 29
2 6 1980 107.6370 78.2040 7 2574 134.1130 20.6540
-1.1090290827e+00 3.7492231635e-01 -4.5915952333e+00
236 165 179
2 6 3336 -159.6110 53.9530 7 2603 -102.2400 -5.2570
-5.4875066835e-01 3.4719699872e-01 -4.5553152734e+00
155 95 108
2 6 2868 -79.6530 50.3170 7 2615 -26.5640 -12.9220
-4.9836197830e-01 2.9685238292e-01 -4.5713786725e+00
210 149 164
2 6 2880 -72.2070 42.7500 7 2625 -20.0240 -19.7350
2.1982239214e+00 4.8345909533e-01 -6.3070777473e+00
124 82 37
2 6 2866 230.3680 50.6950 7 2593 238.4040 -0.4260
-4.8263852728e-01 1.8649509805e-01 -4.5951826041e+00
224 163 173
2 6 2898 -69.3830 26.8400 7 1995 -18.9630 -34.4740
2.5338759814e+00 4.3827722621e-01 -5.5621443288e+00
217 185 59
2 6 2864 300.4920 51.6900 7 852 308.2270 -10.9570
2.4618102021e+00 4.1155353777e-01 -5.6209416262e+00
217 189 124
2 6 2870 289.4640 48.4190 7 2616 296.4790 -13.4250
6.6831374777e-01 4.8017097832e-02 -5.7086810227e+00
200 35 51
2 6 875 77.3200 5.5230 7 933 101.0390 -42.5280
-9.0192522645e-01 -1.7988691153e-01 -4.9775481635e+00
251 253 253
2 6 2961 -119.6440 -23.7850 7 2681 -74.8000 -72.5840
1.1745579834e+00 -2.1743311792e-01 -5.3551106743e+00
206 142 144
2 6 2222 145.0630 -26.7230 7 2086 164.3360 -79.9410
2.2774157164e+00 -4.6864109956e-01 -6.1609529834e+00
229 197 56
2 6 2265 244.3800 -50.1760 7 2104 245.4450 -95.3690
2.2774157164e+00 -4.6864109956e-01 -6.1609529834e+00
229 197 56
2 6 2266 244.3800 -50.1760 7 2105 245.4450 -95.3690
1.9611504771e+00 -8.1722940947e-01 -6.5160807025e+00
193 138 145
2 6 3422 199.1450 -82.6540 7 2725 199.8290 -120.1760
2.5440889323e+00 -6.0744994964e-01 -5.4968931706e+00
221 198 215
2 6 3020 305.8230 -73.0330 7 2729 303.8880 -125.6240
2.5440889323e+00 -6.0744994964e-01 -5.4968931706e+00
221 198 215
2 6 3021 305.8230 -73.0330 7 2730 303.8880 -125.6240
2.1853005782e+00 -8.7909197508e-01 -6.3766313369e+00
217 191 83
2 6 2340 226.4690 -91.0920 7 2164 225.4480 -129.7130
2.2314216825e+00 -8.7118874029e-01 -6.3192718480e+00
214 191 78
2 6 2341 233.2390 -91.1820 7 2165 232.1500 -130.4030
2.2028514802e+00 -1.0019772250e+00 -6.3613641406e+00
212 189 69
2 6 3053 228.6500 -104.2310 7 2745 227.0730 -141.5820
1.9802027338e+00 -2.3214010949e+00 -1.1645280958e+01
51 42 44
2 6 3086 112.2120 -131.8710 7 2174 96.4730 -135.7030
2.0509029164e+00 -2.3447583233e+00 -1.1470462464e+01
62 46 53
2 6 2398 118.0610 -135.1640 7 2181 102.0910 -139.6260
-1.2376506363e+00 -2.7537068333e+00 -1.2514225007e+01
74 42 54
2 6 1285 -64.8650 -144.8730 7 1223 -77.0370 -140.7520
2.1650824165e+00 -2.3516124946e+00 -1.1059945726e+01
65 54 68
2 6 3098 129.2150 -140.6370 7 2196 113.4200 -146.3010
1.1812919328e+00 -3.2974374518e+00 -1.3672445526e+01
40 33 43
2 6 3121 57.2470 -159.2130 7 2207 37.8660 -155.1970
1.2639529560e+00 -3.3920071547e+00 -1.3518854121e+01
39 34 40
2 6 3128 61.8600 -165.7230 7 2763 42.3740 -161.6770
1.5664396136e+00 -3.5012900517e+00 -1.2686873948e+01
47 42 54
2 6 2484 81.6590 -182.2960 7 2779 62.0010 -179.7470
2.1186284882e+00 -3.1767860080e+00 -1.1332625927e+01
55 49 56
2 6 3150 123.5150 -185.2590 7 2784 104.5830 -187.1560
2.1186284882e+00 -3.1767860080e+00 -1.1332625927e+01
55 49 56
2 6 3151 123.5150 -185.2590 7 2785 104.5830 -187.1560
2.0344416234e+00 -3.2774803912e+00 -1.1565234550e+01
56 47 53
2 6 2495 116.2170 -187.2900 7 2250 97.0560 -188.1610
1.4070554993e+00 -4.0049338946e+00 -1.3393550599e+01
43 37 42
2 6 3165 69.3410 -197.6750 7 2789 48.3660 -191.9540
2.6923138126e+00 -2.8426275163e+00 -9.7403935533e+00
60 46 62
2 6 3160 182.6380 -192.8600 7 2797 163.5400 -201.2520
2.5126414541e+00 -3.2825087596e+00 -1.0301518602e+01
97 90 106
2 6 3176 160.9760 -210.7540 7 2810 141.1650 -214.7550
1.7345791248e+00 -4.2783168624e+00 -1.2366420645e+01
41 35 45
2 6 2572 92.8370 -228.4580 7 2304 70.5860 -224.1300
5.8485855002e-01 1.7675708370e+00 -6.1554459444e+00
155 16 33
2 6 3548 62.9570 189.8879 7 2889 93.2700 137.3850
2.3073648883e+00 1.6638682417e+00 -5.8711295024e+00
191 165 78
2 6 3230 259.5120 187.1473 7 2463 277.4950 120.2380
1.4946165099e-01 1.3074380865e+00 -5.6183928566e+00
157 17 29
2 6 3262 17.4440 153.6609 7 2923 54.5310 98.3200
1.5882031246e+00 1.2944564254e+00 -5.2863039512e+00
69 31 28
2 6 3559 198.3470 161.6798 7 3189 225.5140 90.8880
1.5882031246e+00 1.2944564254e+00 -5.2863039512e+00
69 31 28
2 6 3560 198.3470 161.6798 7 3190 225.5140 90.8880
-1.1060272486e+00 7.7164724536e-01 -4.5493809579e+00
133 74 96
2 6 1913 -160.5600 112.1720 7 2534 -100.0850 48.4600
-9.9518041324e-01 7.7377244251e-01 -4.5348665085e+00
226 167 179
2 6 2767 -144.8040 112.9530 7 2536 -85.0920 47.8700
-9.6326418743e-01 7.7704608271e-01 -4.5392991537e+00
224 166 176
2 6 3291 -139.9190 113.4120 7 2950 -80.7430 47.9800
-1.0047557628e+00 7.0970305708e-01 -4.5224073296e+00
226 164 177
2 6 2777 -146.7960 103.7160 7 2549 -86.7240 39.3470
-9.5712778221e-01 6.8759138477e-01 -4.5371884968e+00
226 155 169
2 6 2784 -139.4150 100.1250 7 2552 -80.1210 35.9930
-7.6768024098e-01 6.8959745825e-01 -4.5106472468e+00
233 177 193
2 6 2781 -112.4640 101.0250 7 2556 -54.2260 34.9020
-1.1316234974e-01 6.2159371175e-01 -5.3807719321e+00
108 10 22
2 6 3322 -13.8080 76.4170 7 2970 23.5630 22.9280
9.1436602811e-01 6.1642858231e-01 -5.4882177348e+00
104 12 15
2 6 3327 110.2850 74.3770 7 2981 137.0200 16.5920
2.2603873242e+00 6.0368172607e-01 -6.2382149469e+00
194 162 102
2 6 3604 239.7680 64.1890 7 2984 247.7040 10.5240
1.4877244718e+00 4.4402326861e-01 -5.8329764637e+00
120 11 13
2 6 3338 168.6060 50.3540 7 2598 185.9110 -3.5260
6.5029452875e-01 2.0046110032e-01 -5.6260910892e+00
114 5 13
2 6 3350 76.3380 23.5090 7 3010 101.9750 -26.8780
9.6288008209e-01 2.2367382494e-01 -5.7334638366e+00
199 31 48
2 6 3346 111.0440 25.8370 7 3009 132.7230 -24.9890
7.2180865759e-01 1.6846471597e-01 -5.6822873657e+00
110 14 20
2 6 3352 83.9900 19.6340 7 3012 108.0450 -30.2100
1.1253696907e+00 9.8904536974e-02 -5.5597745801e+00
171 100 114
2 6 2917 133.8050 11.7970 7 3020 154.4540 -41.2060
1.2523256427e+00 9.1487154414e-02 -5.5124891728e+00
94 36 40
2 6 3358 150.5540 11.3240 7 3021 169.3290 -43.5730
9.5818948646e-01 -2.2500947520e-02 -5.5822415732e+00
66 13 21
2 6 2932 113.6800 -2.4460 7 2658 134.6100 -53.5310
9.7874645970e-01 -3.5444889554e-02 -5.5285370096e+00
170 108 123
2 6 2170 116.9220 -4.2910 7 2668 138.6730 -55.5700
5.4313395953e-01 -3.3937986817e-01 -5.6852172839e+00
188 32 46
2 6 3393 63.0300 -39.5380 7 3047 85.7730 -83.8170
1.1343442634e+00 -3.1699529493e-01 -5.3632876131e+00
220 155 163
2 6 2982 139.7790 -39.0410 7 2696 158.9700 -90.7020
2.0635410367e+00 -2.1594294242e+00 -1.1468585752e+01
54 41 42
2 6 3454 118.8930 -124.4280 7 3079 103.3080 -129.7290
1.5273810834e+00 -2.5844226043e+00 -1.2320100485e+01
110 83 65
2 6 3466 81.9460 -138.5960 7 3087 65.5520 -139.4500
1.5677198056e+00 -2.9621533966e+00 -1.2869116811e+01
60 47 59
2 6 3478 80.5820 -152.0190 7 3096 62.1980 -150.8230
1.7299161210e+00 -3.6566836499e+00 -1.2323279924e+01
10 10 12
2 6 3163 92.7700 -196.0720 7 2791 72.6760 -193.7400
1.7299161210e+00 -3.6566836499e+00 -1.2323279924e+01
10 10 12
2 6 3164 92.7700 -196.0720 7 2792 72.6760 -193.7400
2.1778251895e+00 -3.2563379594e+00 -1.1118333055e+01
52 41 50
2 6 3499 129.3820 -193.5890 7 3117 110.2190 -195.6470
7.1935421069e-01 1.7757871299e+00 -5.8011625177e+00
176 20 40
2 6 3536 81.8580 202.2140 7 3164 115.4870 143.5261
2.4206799401e+00 1.5694534112e+00 -5.5778262862e+00
199 144 53
2 6 3549 286.6850 185.8727 7 3174 304.0280 113.1770
2.4206799401e+00 1.5694534112e+00 -5.5778262862e+00
199 144 53
2 6 3550 286.6850 185.8727 7 3175 304.0280 113.1770
9.1223569452e-01 1.1609666889e+00 -5.6928695506e+00
103 3 5
2 6 3772 105.7640 134.6620 7 3367 134.9440 76.6870
-9.8219742421e-01 5.9492440253e-01 -4.5475095780e+00
179 225 255
2 6 3311 -142.4070 86.7590 7 2967 -84.4220 23.1810
-1.0321549045e+00 4.6777452462e-01 -4.5721870088e+00
181 230 255
2 6 3330 -149.2020 67.5780 7 2987 -91.4080 6.6740
-6.3335510211e-01 4.9011540378e-01 -4.5831333522e+00
235 181 195
2 6 3600 -91.0240 70.9460 7 2988 -37.4510 6.7630
1.0334380856e-01 5.8671049655e-01 -5.3545057048e+00
82 11 26
2 6 3598 12.9720 72.5990 7 2979 48.4180 17.4500
1.0435788796e+00 6.6801874448e-01 -5.4762931763e+00
44 10 8
2 6 3591 125.6490 80.3860 7 3386 152.5570 21.9850
-5.1188958445e-01 3.5998997222e-01 -4.5837568195e+00
209 148 163
2 6 3613 -73.6910 51.9960 7 3001 -21.7610 -11.3220
-5.3120447075e-01 3.1143669793e-01 -4.5274357953e+00
156 99 112
2 6 3617 -77.4840 45.5020 7 3005 -24.4690 -18.2480
2.5067346364e+00 4.7591127879e-01 -5.5671999441e+00
217 189 124
2 6 3610 297.9380 56.7680 7 3230 304.2910 -7.3320
9.6157631169e-01 1.6202670797e-01 -5.6784343556e+00
97 4 5
2 6 3809 112.1010 19.0260 7 3406 133.5540 -32.2730
2.2762410176e+00 -3.2796011871e-01 -6.2681180645e+00
223 187 47
2 6 3389 239.6700 -34.8090 7 3044 242.3060 -79.4520
2.0904885171e+00 -8.9012138322e-01 -6.5549953972e+00
214 187 67
2 6 3426 210.9390 -89.5650 7 3294 209.9410 -126.4490
2.1883528210e+00 -1.2608673019e+00 -6.4911284201e+00
216 190 68
2 6 3699 222.3000 -128.7660 7 3303 219.5730 -161.9730
2.1333058222e+00 -2.4948367133e+00 -1.1346585116e+01
95 85 102
2 6 3702 124.2210 -145.3120 7 3300 107.4630 -149.8460
2.6393780195e+00 -3.1573816044e+00 -9.8214963284e+00
53 42 52
2 6 3517 177.5250 -212.4860 7 3128 157.4960 -218.7650
2.3446603580e+00 -3.5801738080e+00 -1.0614306283e+01
37 33 48
2 6 3728 145.9850 -222.8710 7 3327 125.2250 -224.8940
4.1183001611e-02 1.4182362460e+00 -5.7905646081e+00
93 2 5
2 6 3558 4.4790 161.6602 7 3176 41.0660 109.3300
2.3725026263e+00 1.6393838947e+00 -5.5769885536e+00
194 169 114
2 6 3748 280.6160 193.9240 7 3172 299.9770 121.4770
2.4872794881e-01 1.3013582607e+00 -5.5901996367e+00
163 18 28
2 6 3765 29.2390 153.6959 7 3362 65.9600 97.3220
3.9152250413e-01 1.1065742785e+00 -5.5258207889e+00
171 150 172
2 6 3774 46.6940 132.2250 7 3369 81.7360 75.0280
1.4348849399e-01 6.6059723016e-01 -5.3591592481e+00
218 203 220
2 6 3789 17.6790 81.4420 7 3385 53.6920 25.9700
-6.1917568450e-01 4.4572870776e-01 -4.6020178365e+00
107 54 70
2 6 3603 -88.7600 64.1430 7 3391 -35.6780 0.9670
8.2375406392e-01 5.7105677682e-01 -5.4606860191e+00
95 0 2
2 6 3793 99.7690 69.1750 7 3388 127.5770 11.9990
-8.8409006073e-01 2.4890639161e-01 -4.5770335054e+00
208 146 165
2 6 3623 -127.4930 36.0820 7 3235 -72.7750 -23.9780
1.0132474727e+00 4.1573825716e-02 -5.6228866561e+00
73 5 8
2 6 3639 118.7480 4.6060 7 3244 140.4640 -45.7670
2.4366508942e+00 -1.0983868758e-01 -5.8398494511e+00
219 194 130
2 6 3647 275.6540 -12.4760 7 3251 278.6210 -65.5240
2.3735766662e+00 -1.1654821564e+00 -5.9855716493e+00
204 197 104
2 6 3843 261.9850 -128.7150 7 3433 257.7210 -168.6240
1.4934992402e-02 1.1009002552e+00 -5.6447368107e+00
91 0 1
2 6 3776 2.0570 129.1420 7 3471 37.5740 75.5510
4.5072572922e-01 1.0161617726e+00 -5.5225564328e+00
163 18 29
2 6 3890 53.8760 121.5430 7 3473 87.7240 64.4240
2.3299487815e+00 9.4066742110e-01 -5.9408755374e+00
214 179 57
2 6 3894 259.2790 104.7140 7 3475 270.5960 43.9220
3.4878955395e-01 4.9570794807e-01 -5.3472171806e+00
70 6 6
2 6 3796 42.4850 60.7220 7 3484 77.0290 6.2230
1.3861656071e+00 6.0837028631e-01 -5.7392996590e+00
164 21 25
2 6 3898 159.9640 70.3330 7 3479 179.4460 13.7610
-1.1849116643e+00 2.0475042850e-01 -4.7867571673e+00
244 193 206
2 6 3806 -163.5530 28.2880 7 3402 -110.7030 -25.3450
2.8248473062e-01 -8.2413409833e-02 -5.8144919604e+00
197 32 55
2 6 3815 31.6180 -9.8130 7 3414 57.7980 -52.7540
-9.2432802910e-01 3.9255959211e-01 -4.6064552287e+00
186 201 240
2 6 3971 -132.4300 56.4780 7 3486 -77.1220 -4.1490
1.0031715095e+00 5.7914471851e-01 -5.4718146623e+00
212 193 208
2 6 3968 121.3360 70.0930 7 3551 147.0790 11.8580
1.0031715095e+00 5.7914471851e-01 -5.4718146623e+00
212 193 208
2 6 3969 121.3360 70.0930 7 3552 147.0790 11.8580
1.3394578343e+00 2.0873974293e-01 -5.5524879601e+00
188 119 132
2 6 3976 159.9470 25.2780 7 3557 178.0870 -30.7230
1.0491632022e+00 -9.2233908673e-03 -5.4836776023e+00
180 116 131
2 6 3913 126.8080 -0.7890 7 3498 147.4180 -54.0660
1.2513039169e+00 -2.5252635522e-01 -5.3104144466e+00
212 144 156
2 6 3983 156.0660 -31.1190 7 3506 174.0000 -85.3700
-9.8487182374e-01 6.3496895974e-01 -4.5668056327e+00
192 206 241
2 6 3964 -142.5810 91.8070 7 3548 -83.9220 29.0730
-7.7171216297e-01 3.4084546830e-01 -4.5510184129e+00
200 140 158
2 6 3972 -111.6680 49.8670 7 3490 -57.3340 -12.8080
3.9139423442e-02 3.5609998638e-01 -5.4567651482e+00
152 22 32
2 6 4031 4.8490 43.2220 7 3553 38.3340 -7.9580
8.6581962264e-01 5.7138958210e-02 -5.6089548454e+00
210 178 197
2 6 4036 101.7710 6.5310 7 3603 124.9740 -43.6120
-9.0233947932e-01 -2.4405422336e-01 -5.0150348125e+00
23 24 29
2 6 3984 -118.7950 -32.0520 7 3563 -74.9700 -79.7080
-9.3952755753e-01 5.2110610696e-01 -4.5442088173e+00
20 27 44
2 6 4027 -136.5570 75.8420 7 3594 -78.7850 13.0580
-9.3952755753e-01 5.2110610696e-01 -4.5442088173e+00
20 27 44
2 6 4028 -136.5570 75.8420 7 3595 -78.7850 13.0580
-9.3952755753e-01 5.2110610696e-01 -4.5442088173e+00
20 27 44
2 6 4029 -136.5570 75.8420 7 3596 -78.7850 13.0580
-1.7815547432e+00 3.6396746861e+00 -1.0699293037e+01
97 44 18
2 6 43 -110.0580 224.7679 7 128 -98.3510 218.7010
-3.4629308740e+00 3.9597244966e+00 -1.1662306091e+01
143 85 86
2 6 48 -196.1640 224.4107 7 53 -188.7730 228.4070
-4.9380792312e+00 3.8377451100e+00 -1.1449947524e+01
128 70 58
2 6 57 -284.8564 221.6147 7 38 -279.2059 230.7238
-4.9380792312e+00 3.8377451100e+00 -1.1449947524e+01
128 70 58
2 6 58 -284.8564 221.6147 7 39 -279.2059 230.7238
-4.7657662164e+00 3.8133815897e+00 -1.1391867006e+01
135 75 58
2 6 59 -276.4887 221.1591 7 45 -269.9930 229.7430
-5.3368404467e+00 3.7578307339e+00 -1.1312784228e+01
111 38 15
2 6 67 -311.7414 219.4971 7 42 -306.2768 230.1069
-5.3368404467e+00 3.7578307339e+00 -1.1312784228e+01
111 38 15
2 6 68 -311.7414 219.4971 7 43 -306.2768 230.1069
-4.7915274415e+00 3.7785621618e+00 -1.1444750072e+01
125 48 26
2 6 72 -276.5790 218.2439 7 65 -270.6346 226.7684
-5.3894760082e+00 3.7329692852e+00 -1.1377365485e+01
118 62 55
2 6 80 -312.9876 216.8487 7 61 -307.9949 227.6774
-5.3894760082e+00 3.7329692852e+00 -1.1377365485e+01
118 62 55
2 6 81 -312.9876 216.8487 7 62 -307.9949 227.6774
-4.8031648614e+00 3.7245208983e+00 -1.1408364565e+01
135 72 66
2 6 97 -278.2116 215.7348 7 76 -272.0996 224.2992
-4.9534852143e+00 3.6827870268e+00 -1.1410264226e+01
123 47 25
2 6 111 -286.7942 213.3578 7 92 -281.2005 222.3280
-4.9459815581e+00 3.6415593407e+00 -1.1271139507e+01
123 46 20
2 6 114 -290.1818 213.2893 7 90 -283.5529 222.4290
-4.9459815581e+00 3.6415593407e+00 -1.1271139507e+01
123 46 20
2 6 115 -290.1818 213.2893 7 91 -283.5529 222.4290
-3.7399271060e+00 3.7307298873e+00 -1.1608348278e+01
132 53 29
2 6 123 -212.8040 212.4568 7 138 -206.0670 217.0996
-5.4037347738e+00 3.6542865653e+00 -1.1442909608e+01
123 70 69
2 6 137 -311.8941 211.1879 7 96 -307.5481 221.8328
-5.4037347738e+00 3.6542865653e+00 -1.1442909608e+01
123 70 69
2 6 138 -311.8941 211.1879 7 97 -307.5481 221.8328
-5.0294099632e+00 3.6177219929e+00 -1.1355163951e+01
129 71 70
2 6 143 -292.8834 210.3293 7 119 -286.7860 219.9386
-3.2900217211e+00 3.7056541633e+00 -1.1711264328e+01
141 90 81
2 6 158 -185.4930 209.2249 7 165 -178.8780 212.2698
-3.8715273052e+00 3.6798581317e+00 -1.1721796654e+01
130 56 28
2 6 165 -218.0260 207.6638 7 157 -212.2510 212.7948
-3.7800377132e+00 3.6602045740e+00 -1.1654483747e+01
129 58 43
2 6 166 -214.2280 207.6248 7 164 -207.8740 212.4557
-5.3825961776e+00 3.5285243323e+00 -1.1368888535e+01
125 72 64
2 6 174 -312.8700 205.0781 7 144 -308.0843 215.6457
-5.2199494338e+00 3.5332073656e+00 -1.1389803841e+01
128 72 58
2 6 176 -302.8915 204.9408 7 148 -297.7665 214.9667
-5.2199494338e+00 3.5332073656e+00 -1.1389803841e+01
128 72 58
2 6 177 -302.8915 204.9408 7 149 -297.7665 214.9667
1.9500200973e+00 2.0716247329e+00 -6.6961361855e+00
101 76 44
2 6 185 191.9900 204.1240 7 348 211.5550 150.7189
2.4416300417e+00 1.7000810541e+00 -5.5237834649e+00
195 164 83
2 6 187 291.9020 203.2588 7 432 310.5530 128.3710
2.4416300417e+00 1.7000810541e+00 -5.5237834649e+00
195 164 83
2 6 188 291.9020 203.2588 7 433 310.5530 128.3710
-3.8503811939e+00 3.5753061974e+00 -1.1670542327e+01
136 56 30
2 6 191 -217.8810 202.5661 7 181 -211.9140 207.5610
-3.8503811939e+00 3.5753061974e+00 -1.1670542327e+01
136 56 30
2 6 192 -217.8810 202.5661 7 182 -211.9140 207.5610
-3.8638709665e+00 3.5121718859e+00 -1.1579883579e+01
143 79 73
2 6 203 -220.4472 200.4629 7 193 -214.1010 205.3902
-1.4460215534e+00 3.1509889761e+00 -1.1296143873e+01
70 31 17
2 6 262 -84.4910 184.4138 7 276 -77.0460 178.9769
1.4719963788e+00 1.4891769722e+00 -5.3850719690e+00
148 108 118
2 6 273 180.4870 182.6353 7 1744 209.5240 113.0250
2.3971942729e+00 1.4724301977e+00 -5.6248041074e+00
199 146 52
2 6 297 281.4920 172.8952 7 505 298.1730 102.1230
1.0577545856e-01 1.5016266200e+00 -5.7604633690e+00
157 20 29
2 6 298 12.0590 172.1949 7 1737 48.7780 118.2970
-9.5267391851e-01 2.4272579292e+00 -9.7918366671e+00
35 26 28
2 6 331 -64.5170 163.6050 7 347 -52.0200 150.4516
3.7694473906e-01 1.1168913903e+00 -5.5323759117e+00
225 194 213
2 6 398 44.8750 133.2820 7 567 80.0730 76.2560
-8.7220134282e-01 9.0107350933e-01 -4.5545122147e+00
207 155 167
2 6 410 -126.6260 130.6590 7 603 -66.9080 64.6050
-7.3580502499e-01 8.6578160831e-01 -4.5692544627e+00
196 145 161
2 6 427 -106.5030 125.1240 7 624 -48.4380 58.7000
-1.0390257677e+00 8.2574553635e-01 -4.5601108062e+00
192 143 161
2 6 446 -150.4100 119.8070 7 634 -90.4790 55.2790
-9.0085833262e-01 8.2370195704e-01 -4.5400047663e+00
216 161 173
2 6 447 -131.1250 119.8870 7 635 -71.5150 54.2190
-7.7310557186e-03 9.8953021079e-01 -5.5851689759e+00
157 16 22
2 6 459 -0.8560 117.1260 7 605 35.4130 63.8340
3.6746390036e-01 9.6305658737e-01 -5.5115533305e+00
197 134 154
2 6 467 44.0820 115.4860 7 622 78.2350 58.9290
-7.9129723742e-01 7.4509092268e-01 -4.5186278979e+00
146 87 106
2 6 485 -115.6820 108.9970 7 673 -57.1230 42.6520
-1.8303562531e-01 8.3042799724e-01 -5.4459519978e+00
120 11 14
2 6 520 -22.2900 100.6910 7 1840 16.3840 47.5080
2.1166235242e+00 8.7600043800e-01 -5.8096868323e+00
172 117 124
2 6 527 240.7360 99.6290 7 685 254.8160 38.5820
-7.9437441812e-01 6.7141200330e-01 -4.5179009455e+00
216 151 165
2 6 536 -116.1930 98.1980 7 707 -57.9840 32.6020
1.5171739047e+00 8.2725992280e-01 -5.7622911459e+00
132 12 11
2 6 549 173.9710 94.8570 7 689 194.3190 36.7680
-6.6858374259e-01 6.4838222312e-01 -4.5380057942e+00
235 171 178
2 6 550 -97.3140 94.4540 7 722 -40.9090 28.5330
-1.1073642352e+00 5.9177591282e-01 -4.5309269854e+00
239 176 188
2 6 571 -161.2630 86.5420 7 743 -101.7690 23.6650
-4.8813737444e-01 5.4810131822e-01 -4.6622005100e+00
202 154 165
2 6 599 -69.2380 77.6380 7 773 -17.4390 14.2420
-2.3154834722e-02 5.8537926165e-01 -5.3294243946e+00
193 170 185
2 6 622 -2.7680 72.6740 7 757 34.3000 18.0670
-5.3621807922e-01 4.1048156036e-01 -4.5617613551e+00
177 118 132
2 6 671 -77.6940 59.4430 7 830 -24.4930 -4.4470
2.2045348180e+00 5.5741442706e-01 -6.2537547924e+00
138 85 16
2 6 672 233.0470 58.9770 7 799 241.6390 6.4770
-5.4085781603e-01 3.8492414833e-01 -4.5307473353e+00
187 133 147
2 6 691 -78.7960 56.2240 7 843 -25.3330 -8.2320
-1.0362353933e+00 2.4431976622e-01 -4.6308468471e+00
217 155 166
2 6 757 -147.9960 34.7320 7 878 -92.5590 -22.7200
-5.3417071265e-01 2.3504330348e-01 -4.5669156645e+00
216 163 174
2 6 761 -77.3760 33.9270 7 895 -25.3420 -27.9340
2.5863369313e+00 -2.0641869141e-01 -5.4142374250e+00
228 196 207
2 6 976 315.7210 -25.1490 7 1069 316.3860 -84.0850
2.2927841071e+00 -2.4696212289e-01 -6.1355756093e+00
174 144 32
2 6 983 246.9500 -26.5850 7 1042 249.6590 -74.0560
4.8144982038e-01 -2.4535958891e-01 -5.9361726616e+00
186 32 41
2 6 992 53.5460 -27.3570 7 1026 75.0760 -69.2470
2.1483861504e+00 -3.0784336915e-01 -6.1714045763e+00
179 127 103
2 6 1009 230.0930 -32.9190 7 1055 233.7530 -78.8710
1.0302625525e+00 -3.8112095454e-01 -5.3859954428e+00
207 143 156
2 6 1055 126.5690 -46.6130 7 2108 146.0070 -97.0560
2.5524392644e+00 -5.0697014987e-01 -5.5153924014e+00
230 189 193
2 6 1098 305.8380 -60.7190 7 1159 304.4980 -114.3890
2.2460962581e+00 -6.0847402979e-01 -6.2563953413e+00
177 147 42
2 6 1108 237.2290 -64.2710 7 1143 237.6880 -106.8110
2.1928709759e+00 -2.0231003917e+00 -1.1011931431e+01
91 79 87
2 6 1235 131.5680 -121.4220 7 1201 116.5990 -128.7540
2.1928709759e+00 -2.0231003917e+00 -1.1011931431e+01
91 79 87
2 6 1236 131.5680 -121.4220 7 1202 116.5990 -128.7540
2.3344702858e+00 -2.0386558110e+00 -1.0765767654e+01
71 60 79
2 6 1239 143.1750 -125.2380 7 1208 128.1020 -133.3920
2.3747798280e+00 -1.1625657836e+00 -5.9873348931e+00
197 196 105
2 6 1251 262.0880 -128.3160 7 1299 257.7260 -168.3240
2.1488685285e+00 -2.2120140798e+00 -1.1264998999e+01
68 55 68
2 6 1256 126.0870 -129.7240 7 1216 110.1990 -135.6450
2.3082608099e+00 -1.7881953764e+00 -8.4774177630e+00
177 164 132
2 6 1268 180.2880 -139.0620 7 1264 168.4850 -157.9350
1.3562213499e+00 -2.9166899426e+00 -1.3511776364e+01
45 36 39
2 6 1280 66.3480 -142.6220 7 1222 48.0020 -139.8920
1.3647532439e+00 -2.9435021729e+00 -1.3338140856e+01
64 56 68
2 6 1289 67.7040 -145.7380 7 2184 49.3240 -143.3990
1.9422981734e+00 -2.6205850521e+00 -1.1880151385e+01
60 48 58
2 6 1292 107.8960 -145.8970 7 1245 91.0250 -148.0900
2.4684451993e+00 -2.4302272615e+00 -1.0457813174e+01
101 91 104
2 6 1315 155.9220 -153.6090 7 1271 139.0620 -161.4450
2.4031183582e+00 -2.5631146736e+00 -1.0515081457e+01
64 53 67
2 6 1331 150.9130 -161.1750 7 1294 133.9130 -168.0230
2.4031183582e+00 -2.5631146736e+00 -1.0515081457e+01
64 53 67
2 6 1332 150.9130 -161.1750 7 1295 133.9130 -168.0230
1.1513742736e+00 -3.5175828855e+00 -1.4060214374e+01
32 27 34
2 6 1344 54.1730 -165.2580 7 2212 34.0850 -159.8510
1.8391087631e+00 -3.1776516516e+00 -1.2161370061e+01
76 72 86
2 6 1382 99.9380 -172.6540 7 1310 81.0800 -172.4490
1.9633777001e+00 -3.0503748112e+00 -1.1701413375e+01
89 85 100
2 6 1385 110.8760 -172.2610 7 1315 92.4980 -173.6360
2.4312344262e+00 -2.8838957506e+00 -1.0413028952e+01
57 46 59
2 6 1422 154.2200 -183.0710 7 1373 135.9140 -188.8610
1.5261712031e+00 -3.6187431440e+00 -1.3002206872e+01
58 54 67
2 6 1425 77.6220 -183.8540 7 1341 57.4530 -180.3410
1.8207648734e+00 -3.4350814036e+00 -1.2165081595e+01
44 36 48
2 6 1435 99.0220 -186.4740 7 1362 79.2170 -185.5590
2.0813610522e+00 -3.2572476068e+00 -1.1493295325e+01
91 78 87
2 6 1438 119.6420 -187.2990 7 1369 100.4430 -188.4740
2.2343230504e+00 -3.1438828171e+00 -1.1065323659e+01
54 48 58
2 6 1440 133.4070 -187.7700 7 1377 114.3800 -190.5780
2.6411530789e+00 -2.8015734439e+00 -9.8556975233e+00
46 35 44
2 6 1441 177.0220 -187.8970 7 1396 158.4000 -195.9950
1.2089081655e+00 -4.0665133851e+00 -1.4007864716e+01
42 33 36
2 6 1452 57.0080 -191.8540 7 1359 35.6630 -184.9910
1.9556338843e+00 -3.4626477862e+00 -1.1754488647e+01
52 47 69
2 6 1461 109.9440 -194.6560 7 1393 90.2390 -194.3770
2.5705237171e+00 -2.9990739386e+00 -1.0082553762e+01
79 70 88
2 6 1469 168.2670 -196.7500 7 2269 149.3890 -202.8140
2.7932666890e+00 -2.9540902925e+00 -9.4292435142e+00
118 109 127
2 6 1510 195.6480 -207.1210 7 1446 175.8410 -215.7640
2.6295436916e+00 -3.2428122183e+00 -9.9659273731e+00
91 78 88
2 6 1539 174.2390 -215.1300 7 1455 153.9860 -220.4690
2.9458361535e+00 -2.9750308401e+00 -9.0070288883e+00
56 47 63
2 6 1547 215.9580 -218.4160 7 1484 195.2910 -228.2810
1.5665258156e+00 -4.2700952960e+00 -1.2855119059e+01
45 43 54
2 6 1551 80.6490 -219.3710 7 2284 58.5840 -214.1580
2.1959768548e+00 -3.7075799433e+00 -1.0913936944e+01
88 85 102
2 6 1577 132.9400 -224.5010 7 1470 112.2580 -225.0600
9.5766334223e-01 -4.9777298186e+00 -1.4275568993e+01
48 48 58
2 6 1601 44.4030 -230.3350 7 1454 20.9940 -220.5020
2.2068481704e+00 -3.8219245121e+00 -1.0958727011e+01
89 88 105
2 6 1602 132.9870 -230.5440 7 1487 111.9730 -230.3850
1.4437966151e+00 -4.5991246136e+00 -1.3144085681e+01
21 20 25
2 6 1604 72.7340 -231.0580 7 1467 49.8340 -224.2900
-3.8625909166e+00 3.9609761940e+00 -1.1624720586e+01
147 93 87
2 6 1657 -219.3220 225.3916 7 41 -212.6280 230.5240
-5.2432018364e+00 3.7588315498e+00 -1.1320129165e+01
115 40 24
2 6 1676 -306.0891 219.3971 7 1527 -300.4142 229.6683
2.4005031302e+00 1.7116818509e+00 -5.5424852006e+00
197 170 94
2 6 1722 286.0990 204.0103 7 429 305.0580 129.5930
6.3750899461e-01 1.7174177147e+00 -5.8300107645e+00
176 23 34
2 6 1746 72.1540 194.5794 7 1701 105.7540 137.2640
-1.5057912473e+00 3.1833626802e+00 -1.1168097251e+01
72 24 13
2 6 1763 -89.0680 188.3804 7 261 -80.8420 182.8183
7.3281742397e-01 1.5781704104e+00 -5.8268108013e+00
118 1 4
2 6 1778 82.9600 178.8615 7 454 115.0680 121.6930
1.2327908560e+00 1.4974805889e+00 -5.7631109840e+00
186 135 149
2 6 1793 141.1470 171.5486 7 2480 169.2960 110.6670
-9.4996076261e-01 8.4230358647e-01 -4.5850357561e+00
212 154 170
2 6 1884 -136.8860 121.4170 7 1820 -77.8070 56.8970
-6.2298845388e-02 1.0390342538e+00 -5.6637923946e+00
76 1 0
2 6 1892 -7.2900 121.2070 7 590 28.8540 69.3220
-4.9871724908e-01 7.7914864391e-01 -4.6889550673e+00
50 20 17
2 6 1915 -70.1940 109.8850 7 1843 -17.5540 44.7810
-7.0101446341e-01 7.5665633232e-01 -4.5554392697e+00
228 163 173
2 6 1917 -101.7370 109.7130 7 669 -44.4920 43.5960
2.3910017655e+00 9.2672726156e-01 -5.7307576188e+00
215 184 100
2 6 1926 275.6670 106.8350 7 1849 287.4090 42.5240
3.1165826247e-02 8.6299538561e-01 -5.4980597941e+00
184 28 41
2 6 1933 3.8560 103.8180 7 649 40.0420 49.6250
-7.2308858816e-01 6.7511446915e-01 -4.5223082814e+00
175 117 131
2 6 1940 -105.6680 98.6390 7 708 -48.1520 32.6080
-6.5246211841e-01 6.2141906061e-01 -4.5540210187e+00
237 174 184
2 6 1953 -94.5820 90.2570 7 736 -38.9420 24.7290
-3.8656773189e-02 7.2304581926e-01 -5.3898743312e+00
157 20 33
2 6 1957 -4.7100 88.6720 7 1863 32.7110 34.2540
1.4260777376e-01 7.0942381878e-01 -5.3796461083e+00
71 5 13
2 6 1962 17.5500 87.1700 7 1865 53.5280 31.5920
3.6698500759e-01 6.6028644051e-01 -5.3535929474e+00
243 214 220
2 6 1973 45.2330 81.4450 7 1881 79.4560 24.6440
6.4229646648e-01 6.6163499591e-01 -5.4637609344e+00
167 20 29
2 6 1977 77.5590 79.9180 7 1883 108.1370 23.4310
1.3256884111e-01 6.1367840869e-01 -5.3394872639e+00
75 20 46
2 6 1990 16.3330 75.8830 7 750 52.5120 20.6170
2.4712479615e+00 6.3289884678e-01 -5.6154408631e+00
211 158 64
2 6 1992 290.8110 74.4800 7 783 299.5920 10.3820
-8.2170913386e-01 4.6418033624e-01 -4.5559444145e+00
183 160 191
2 6 2005 -119.1070 67.3990 7 805 -62.9790 4.5740
-5.0215768166e-01 3.9588779500e-01 -4.5867763395e+00
189 126 142
2 6 2031 -72.2710 57.1040 7 839 -20.1870 -6.5180
6.4240608259e-03 3.8124629442e-01 -5.4652664686e+00
211 43 71
2 6 2048 0.5580 45.8980 7 833 35.0570 -4.5750
-7.0062701711e-01 2.8338635207e-01 -4.5062476920e+00
240 184 194
2 6 2055 -102.4770 41.8150 7 874 -48.0070 -21.4200
-6.5862033873e-01 2.4023834897e-01 -4.5303971120e+00
240 183 198
2 6 2076 -96.1470 34.9620 7 888 -42.1350 -26.9140
2.1665962250e+00 3.0680112007e-01 -6.4113486435e+00
175 140 44
2 6 2083 223.2520 31.5800 7 1960 230.2360 -16.5530
-5.3407023194e-01 1.8901790371e-01 -4.5565882482e+00
212 159 172
2 6 2093 -77.5130 27.3520 7 911 -25.6400 -34.2740
7.6245058296e-01 1.9648404180e-01 -5.7704158584e+00
209 36 57
2 6 2103 87.1460 22.3570 7 2632 110.6850 -26.3280
7.9436282596e-01 1.9298470531e-01 -5.7225926550e+00
214 37 60
2 6 2104 91.7290 22.2860 7 1983 115.0170 -27.4800
1.5437390667e+00 2.7871785765e-02 -5.2913230027e+00
207 146 155
2 6 2155 192.7490 3.4490 7 981 210.1760 -54.9190
2.5808142205e+00 -2.4799088655e-01 -5.4279560742e+00
234 194 197
2 6 2229 314.3290 -30.0890 7 2092 314.5450 -88.4070
2.2006290787e+00 -3.1414182827e-01 -6.2136023165e+00
120 75 16
2 6 2234 234.0970 -33.3570 7 1056 237.0060 -79.0000
1.2832443037e+00 -2.7893249932e-01 -5.2750698651e+00
217 154 158
2 6 2237 160.9410 -34.7810 7 2093 178.9060 -89.1220
2.5783342371e+00 -3.0282151943e-01 -5.3843463886e+00
231 191 211
2 6 2240 316.3640 -37.2130 7 2102 316.6420 -95.2020
2.2257278569e+00 -3.5341139141e-01 -6.2079698321e+00
97 62 2
2 6 2242 236.9510 -37.5910 7 1065 239.4060 -82.9970
1.2819749106e+00 -3.0961306517e-01 -5.2913375579e+00
188 125 145
2 6 2247 160.2370 -38.5480 7 2097 177.9820 -92.2140
5.7016407940e-01 -3.6622280277e-01 -5.6140201402e+00
185 30 48
2 6 2256 67.4840 -42.7650 7 2091 89.4450 -88.6770
2.5652772637e+00 -3.7546002933e-01 -5.4714080605e+00
227 195 196
2 6 2261 309.9110 -45.2770 7 2123 309.3580 -101.2920
2.0840466914e+00 -5.5552626609e-01 -6.5255872045e+00
228 192 72
2 6 2285 211.3550 -55.9940 7 2107 212.3610 -96.1930
2.5474707174e+00 -5.4927576449e-01 -5.5374210604e+00
231 184 196
2 6 2297 304.0810 -65.4860 7 1173 302.3390 -118.4110
2.5486099063e+00 -6.3494183445e-01 -5.5717867257e+00
224 69 105
2 6 2309 302.4300 -75.1730 7 2155 299.7680 -126.7620
2.3179366214e+00 -2.0291514601e+00 -8.4429385900e+00
113 98 79
2 6 2444 181.3690 -158.8600 7 2240 169.2920 -175.6680
2.4621080832e+00 -2.1549091400e+00 -8.1566845633e+00
188 178 144
2 6 2470 199.2630 -174.7600 7 2256 186.2420 -192.0390
1.6275293065e+00 -3.4271076376e+00 -1.2707406907e+01
88 85 104
2 6 2474 84.7130 -178.1350 7 2241 65.0490 -175.9060
2.0344416234e+00 -3.2774803912e+00 -1.1565234550e+01
56 47 53
2 6 2496 116.2170 -187.2900 7 2251 97.0560 -188.1610
2.7695395340e+00 -2.7411901514e+00 -9.5342057366e+00
58 41 44
2 6 2500 191.8420 -190.0910 7 2261 173.0440 -199.6040
2.7695395340e+00 -2.7411901514e+00 -9.5342057366e+00
58 41 44
2 6 2501 191.8420 -190.0910 7 2262 173.0440 -199.6040
9.7407919421e-01 -4.2405959589e+00 -1.4473303954e+01
10 10 12
2 6 2505 44.5310 -193.5510 7 1361 22.6850 -185.4970
2.1474952406e+00 -3.4718519179e+00 -1.1153891512e+01
84 78 96
2 6 2527 127.1670 -205.7460 7 2274 107.3820 -206.7510
-2.0308868079e+00 -6.4978598839e+00 -1.9525024437e+01
80 73 88
2 6 2554 -68.6980 -219.8720 7 2265 -94.9660 -200.2690
2.6596955352e+00 -3.2207572706e+00 -9.6825367556e+00
117 111 134
2 6 2555 181.2920 -220.0210 7 1474 161.3100 -225.9900
1.5491393026e+00 -4.4144447101e+00 -1.2838105467e+01
38 35 48
2 6 2567 79.8550 -227.0970 7 2300 57.4700 -221.3760
1.5491393026e+00 -4.4144447101e+00 -1.2838105467e+01
38 35 48
2 6 2568 79.8550 -227.0970 7 2301 57.4700 -221.3760
-1.9632807579e+00 -6.9252538487e+00 -1.9933862982e+01
55 53 69
2 6 2574 -65.3550 -229.8900 7 2276 -91.9280 -208.8550
-3.7553230755e+00 3.9685308376e+00 -1.1497634170e+01
138 48 24
2 6 2602 -215.7790 228.1306 7 2348 -208.0480 232.8840
2.6401756978e-01 1.7872083230e+00 -5.8099647713e+00
115 8 12
2 6 2631 29.9170 203.1810 7 2431 66.8130 147.6843
2.2497757886e+00 1.7057163150e+00 -6.0242953803e+00
181 130 43
2 6 2656 246.6100 186.9867 7 2455 264.5900 122.8630
3.2608203900e-01 1.6115228768e+00 -5.7726301913e+00
129 2 6
2 6 2660 37.2260 184.3923 7 2448 73.0320 128.7240
2.2214891290e+00 1.6912714592e+00 -6.0542455229e+00
173 139 72
2 6 2662 242.3640 184.5261 7 2459 260.2130 121.1060
-6.2354781915e-01 2.5453994189e+00 -9.7673696668e+00
12 10 10
2 6 2683 -42.0680 172.3082 7 2420 -30.1940 156.9841
1.2255463647e+00 1.1306719090e+00 -5.1795706243e+00
185 131 143
2 6 2721 156.3100 144.2169 7 2509 187.0510 74.8320
1.2647595583e+00 1.2800036447e+00 -5.9056460769e+00
132 11 16
2 6 2723 141.1470 142.9416 7 2500 166.6390 85.9080
1.3185538947e+00 1.1749206575e+00 -5.8570031928e+00
174 24 37
2 6 2741 148.6410 132.4650 7 2510 172.8100 74.6540
-8.3751733617e-02 1.0028080509e+00 -5.6268301202e+00
115 11 13
2 6 2755 -9.7790 117.8170 7 2515 26.5920 65.5690
-1.0831419058e+00 7.4375085994e-01 -4.5397107648e+00
229 167 181
2 6 2772 -157.5650 108.3560 7 2542 -97.2290 44.4850
1.0967132492e-01 8.4838984960e-01 -5.4926042967e+00
181 25 39
2 6 2779 13.0130 101.9110 7 2538 49.1830 47.7580
-8.5763738600e-01 6.8899844399e-01 -4.5069246359e+00
235 173 186
2 6 2780 -125.6540 101.1090 7 2553 -66.7500 35.3760
-8.9448158738e-01 6.6989014662e-01 -4.5332870158e+00
226 155 168
2 6 2791 -130.4500 97.5860 7 2557 -71.6010 33.1680
2.9738749583e-02 7.9378739650e-01 -5.4776875574e+00
113 3 6
2 6 2796 3.5420 95.7190 7 1851 39.8950 41.9510
-6.8037339758e-01 6.2719798821e-01 -4.5323748723e+00
170 104 125
2 6 2806 -99.1420 91.4940 7 2566 -42.6780 25.7070
4.3381538425e-01 7.2000963185e-01 -5.3439306221e+00
242 226 228
2 6 2809 53.3790 88.8090 7 2559 87.9320 31.3040
2.8269807624e-01 7.0194004096e-01 -5.2842746219e+00
218 198 209
2 6 2812 35.3840 87.8060 7 1869 71.2930 29.8220
-8.2359780537e-01 5.8936613317e-01 -4.5814369897e+00
246 229 240
2 6 2817 -118.8530 84.9480 7 2571 -62.1510 21.7810
-6.5328970290e-01 5.7593052961e-01 -4.5473251964e+00
189 126 143
2 6 2820 -94.9640 83.6640 7 2577 -39.2230 18.6570
-6.5328970290e-01 5.7593052961e-01 -4.5473251964e+00
189 126 143
2 6 2821 -94.9640 83.6640 7 2578 -39.2230 18.6570
1.4921784808e+00 7.3063062663e-01 -5.7923869673e+00
163 24 31
2 6 2822 170.4690 83.5360 7 2564 189.6310 26.4370
-1.2521020281e-01 6.5346874340e-01 -5.3254902949e+00
210 35 60
2 6 2827 -15.9630 80.7020 7 1874 23.5360 27.0680
1.2204002124e+00 6.5355505280e-01 -5.6275486952e+00
148 18 24
2 6 2832 143.3580 76.7860 7 1891 166.3540 19.4710
1.4692812347e+00 6.5215674254e-01 -5.7698060286e+00
162 24 28
2 6 2835 168.2220 74.6500 7 1894 187.8450 18.3960
-5.4725590445e-01 5.0729593750e-01 -4.6122654015e+00
226 170 182
2 6 2838 -78.4500 72.6390 7 2586 -25.4270 8.9740
3.6127324112e-01 5.6898857762e-01 -5.4126209560e+00
158 25 44
2 6 2845 43.9380 69.3200 7 1906 77.1320 14.4400
2.0581075770e+00 6.1459547165e-01 -6.3113969867e+00
128 70 63
2 6 2849 215.4690 64.3370 7 2583 225.8700 13.0700
-4.2142686991e-01 4.2696114073e-01 -4.5935940355e+00
207 154 169
2 6 2851 -60.7820 61.2710 7 1932 -8.9250 -2.6090
-9.9158390261e-01 3.9302261428e-01 -4.5446916054e+00
161 178 219
2 6 2854 -144.0500 57.2730 7 2599 -86.7830 -4.0880
-4.0586896640e-01 3.5943362472e-01 -4.6562744172e+00
176 116 134
2 6 2865 -57.5610 51.0460 7 1945 -7.9070 -11.3460
5.1107293154e-01 2.6757031379e-01 -5.6412391962e+00
222 40 64
2 6 2890 59.9430 31.4100 7 1964 86.8680 -18.8020
1.2210182131e+00 2.6627306430e-01 -5.7688960545e+00
185 31 43
2 6 2892 139.9290 30.5550 7 3007 159.1210 -21.4160
4.7667712833e-01 2.3053015245e-01 -5.6265819904e+00
125 4 14
2 6 2897 56.0640 27.1460 7 2630 83.1930 -22.8070
1.1586726632e+00 7.4518343482e-03 -5.4165774511e+00
184 123 138
2 6 2928 141.6490 1.1560 7 2659 161.8950 -53.6720
-6.2461536906e-01 5.7536740423e-04 -4.5803861442e+00
242 194 208
2 6 2930 -90.1390 0.0560 7 2040 -39.1500 -58.5900
-7.7030585652e-01 -4.0630128590e-02 -4.5760819628e+00
249 199 210
2 6 2936 -111.5950 -6.2340 7 2053 -58.6660 -62.9710
-5.8166467287e-01 -8.8077430793e-02 -4.7333938630e+00
228 179 190
2 6 2944 -81.2030 -12.2960 7 2064 -34.1120 -67.5230
-1.0462940582e+00 -1.4410102987e-01 -4.9611407118e+00
230 162 175
2 6 2952 -138.9990 -18.8130 7 2065 -93.1290 -67.9990
5.3286132299e-01 -2.4284595051e-01 -5.7672265450e+00
173 27 36
2 6 2965 60.9670 -27.9050 7 2680 83.6440 -71.9990
2.1658612144e+00 -2.7589301793e-01 -6.1948093372e+00
113 69 10
2 6 2968 231.1290 -29.3540 7 2078 234.6590 -75.4620
7.2610609538e-01 -2.7870187932e-01 -5.4902646490e+00
190 29 45
2 6 2976 87.3670 -33.5680 7 2691 110.3290 -81.8990
7.6561908705e-01 -4.2700170386e-01 -5.5177379668e+00
196 30 48
2 6 3001 91.5120 -51.2990 7 2701 113.1580 -97.7090
2.1032655411e+00 -8.6483390839e-01 -6.5557467295e+00
219 187 72
2 6 3035 211.9600 -87.2100 7 2149 211.5140 -123.9450
1.9301392493e+00 -1.1683740749e+00 -6.8315109921e+00
204 181 69
2 6 3068 186.6030 -113.1000 7 2187 185.2780 -144.2890
1.2121798159e+00 -2.3040203987e+00 -1.2160780782e+01
121 95 72
2 6 3078 66.0230 -125.0470 7 2154 51.2750 -126.7510
1.0842544507e-01 -2.6084165069e+00 -1.2403560826e+01
107 80 72
2 6 3096 5.6120 -139.1340 7 2178 -7.0640 -136.7000
1.6475452234e+00 -2.7606406030e+00 -1.2507527783e+01
47 39 44
2 6 3104 87.1600 -145.7380 7 2193 69.4820 -146.0610
1.2128036416e+00 -3.0979215613e+00 -1.3775972499e+01
44 38 47
2 6 3111 58.1440 -148.6320 7 2749 39.4670 -144.6410
-5.0230943376e-01 -3.1121965609e+00 -1.3093891461e+01
106 82 85
2 6 3117 -25.3650 -157.0780 7 2755 -39.7030 -151.3050
-1.5419971930e+00 -3.2574885801e+00 -1.3432858144e+01
85 77 89
2 6 3123 -75.5250 -159.8770 7 2204 -89.9870 -152.2440
1.9531757487e+00 -3.2939349852e+00 -1.1777984613e+01
51 46 60
2 6 3147 109.5970 -184.7920 7 2783 90.3830 -185.1210
2.4962915789e+00 -2.9543709731e+00 -1.0296673042e+01
60 52 63
2 6 3154 160.2090 -189.5950 7 2793 141.2770 -195.6010
2.4962915789e+00 -2.9543709731e+00 -1.0296673042e+01
60 52 63
2 6 3155 160.2090 -189.5950 7 2794 141.2770 -195.6010
2.6923138126e+00 -2.8426275163e+00 -9.7403935533e+00
60 46 62
2 6 3159 182.6380 -192.8600 7 2796 163.5400 -201.2520
5.9428010451e-01 -4.0834499742e+00 -1.3744055575e+01
12 12 12
2 6 3162 28.7700 -196.1190 7 2788 8.5630 -189.1000
2.8313702095e+00 -2.8404226769e+00 -9.2819274392e+00
56 44 54
2 6 3171 201.4250 -202.3530 7 2804 182.0100 -212.0840
7.0797204360e-01 -4.3454752136e+00 -1.4133642295e+01
10 10 10
2 6 3172 33.2140 -203.0470 7 3113 11.8900 -194.8470
7.0797204360e-01 -4.3454752136e+00 -1.4133642295e+01
10 10 10
2 6 3173 33.2140 -203.0470 7 3114 11.8900 -194.8470
2.2961890181e+00 -3.8530350635e+00 -1.0782469754e+01
84 79 98
2 6 3198 140.6870 -236.1680 7 2329 119.1840 -236.3960
-3.1972965935e+00 3.7099853212e+00 -1.1740533539e+01
136 51 17
2 6 3218 -179.8920 208.8721 7 2845 -173.1400 211.7891
-3.1972965935e+00 3.7099853212e+00 -1.1740533539e+01
136 51 17
2 6 3219 -179.8920 208.8721 7 2846 -173.1400 211.7891
3.8382966277e-01 1.6132612289e+00 -5.8264088504e+00
124 3 10
2 6 3232 43.7840 183.1705 7 2898 77.8350 127.4380
5.3558672976e-01 1.5747504369e+00 -5.7358912494e+00
140 8 15
2 6 3237 61.4760 181.2398 7 2903 96.2150 123.9730
2.2723462839e+00 1.6530019838e+00 -6.0271777936e+00
188 163 106
2 6 3238 248.9970 181.1382 7 2471 266.2840 117.2350
1.4680681818e+00 1.4094944393e+00 -5.3247582384e+00
127 84 93
2 6 3243 182.0820 174.8425 7 2916 211.0160 104.5950
-1.0411252064e+00 7.9221985910e-01 -4.5274217995e+00
152 97 120
2 6 3287 -151.9820 115.6060 7 2948 -91.1370 50.9940
-8.9220459367e-01 7.6308067552e-01 -4.5140078302e+00
224 165 176
2 6 3292 -130.6680 111.6510 7 2952 -70.8310 45.9620
1.4067988886e+00 9.4824981354e-01 -5.7571332341e+00
130 11 17
2 6 3295 161.6880 109.0050 7 2532 183.5300 50.1780
1.0714798534e+00 7.2519921601e-01 -5.5960618421e+00
189 32 43
2 6 3314 126.9880 86.0050 7 2563 151.3590 27.7860
2.3013569702e-01 6.2652331073e-01 -5.3621379738e+00
161 131 139
2 6 3323 28.2060 77.0750 7 2973 63.5120 21.6500
-4.1587354368e-01 2.9805719524e-01 -4.6201799498e+00
189 128 143
2 6 3342 -59.4360 42.6720 7 2626 -9.4470 -19.7690
3.2576724603e-01 -2.9591918364e-01 -6.0721768538e+00
163 22 33
2 6 3388 35.4240 -32.2290 7 3042 56.6770 -71.5360
5.1173359961e-01 -3.1667764923e-01 -5.8657439957e+00
178 28 43
2 6 3390 57.6820 -35.6450 7 2688 78.9660 -78.0540
5.6829564063e-01 -1.9053233492e+00 -1.2293263571e+01
109 86 68
2 6 3434 30.1080 -102.8510 7 2708 19.0960 -102.8790
2.1488752294e+00 -1.2563819251e+00 -6.3944661256e+00
212 187 63
2 6 3458 221.7970 -130.0640 7 3103 219.2550 -164.3290
2.1488752294e+00 -1.2563819251e+00 -6.3944661256e+00
212 187 63
2 6 3459 221.7970 -130.0640 7 3104 219.2550 -164.3290
1.3952510324e+00 -2.5358746947e+00 -1.2336121185e+01
17 29 48
2 6 3464 74.8390 -135.7400 7 3086 58.7720 -136.6080
2.3121867740e+00 -1.9488679558e+00 -8.4712728883e+00
178 170 139
2 6 3479 180.2200 -152.1510 7 3105 168.7180 -169.1570
2.1778251895e+00 -3.2563379594e+00 -1.1118333055e+01
52 41 50
2 6 3498 129.3820 -193.5890 7 3116 110.2190 -195.6470
2.7136610379e+00 -3.1333383650e+00 -1.0052113311e+01
98 97 121
2 6 3512 178.3620 -206.0050 7 2803 157.8740 -212.0490
2.6393780195e+00 -3.1573816044e+00 -9.8214963284e+00
53 42 52
2 6 3516 177.5250 -212.4860 7 3127 157.4960 -218.7650
-1.8338997548e+00 3.3090436026e+00 -1.1217004598e+01
95 48 19
2 6 3540 -107.8670 195.0895 7 2857 -99.7280 190.7391
5.9445491236e-01 1.7335552351e+00 -5.8618969869e+00
64 2 0
2 6 3541 66.9180 195.3476 7 2888 100.5680 138.7460
2.4071809866e+00 1.4161950384e+00 -5.6181954487e+00
198 170 98
2 6 3557 283.0520 166.5199 7 2926 299.0780 95.9450
8.2383951993e-01 9.6969262638e-01 -5.6029868708e+00
151 15 29
2 6 3577 96.9810 114.2180 7 3203 126.6650 56.7130
-2.1576922142e-01 7.5330279553e-01 -5.3698069252e+00
151 13 29
2 6 3587 -26.5620 92.6920 7 3209 12.7690 38.8680
2.1579791895e+00 7.7722575909e-01 -5.9757343888e+00
196 141 142
2 6 3589 238.4490 85.8140 7 2963 250.9090 28.2310
2.4543051656e+00 6.6254037878e-01 -5.6398304992e+00
214 185 121
2 6 3593 287.5640 77.6280 7 3220 296.7230 13.7610
-1.0723911967e+00 3.9325390250e-01 -4.6093966210e+00
241 190 207
2 6 3608 -153.7100 56.4050 7 2994 -96.9660 -2.9240
2.2432507672e+00 4.7280416821e-01 -6.2795831878e+00
188 146 42
2 6 3615 236.3370 49.9610 7 2993 243.4890 -1.9810
-9.8989149720e-01 1.2224896908e-01 -4.6242437871e+00
237 179 193
2 6 3632 -141.3940 17.5320 7 3241 -87.3450 -39.5520
2.3078125028e-01 4.6028325239e-02 -6.0067677003e+00
207 30 52
2 6 3637 26.0440 5.6640 7 2647 49.1210 -37.7550
2.5661968143e+00 -2.1494725683e-01 -5.4660018666e+00
224 38 63
2 6 3652 310.3080 -25.9330 7 3262 311.1120 -83.9150
3.7440603822e-01 -2.4838432044e-01 -5.9722992722e+00
206 32 56
2 6 3653 41.4070 -27.5000 7 3254 63.4120 -68.5260
2.5869368325e+00 -2.9220620533e-01 -5.4325880972e+00
227 178 194
2 6 3658 314.6670 -35.5430 7 3268 314.7230 -93.0840
2.5736681027e+00 -3.6689007414e-01 -5.4398786929e+00
222 182 193
2 6 3660 312.8530 -44.4050 7 3274 312.0010 -101.1970
2.5736681027e+00 -3.6689007414e-01 -5.4398786929e+00
222 182 193
2 6 3661 312.8530 -44.4050 7 3275 312.0010 -101.1970
2.1177139131e+00 -5.0748601413e-01 -6.2207678229e+00
192 140 152
2 6 3666 224.8830 -53.9660 7 3272 227.6310 -97.2140
1.8798901499e+00 -2.1552691194e+00 -1.1948365947e+01
90 77 87
2 6 3696 103.9840 -119.1810 7 3291 88.3380 -122.9060
4.7126307700e-01 -3.2433622547e+00 -1.2940947099e+01
105 80 64
2 6 3706 24.1070 -165.5710 7 3302 7.6470 -161.4950
2.4282910897e+00 -2.0555216548e+00 -8.2104084566e+00
188 174 148
2 6 3707 195.3190 -165.5430 7 3310 182.7960 -183.3410
2.9621746074e+00 -2.8876315005e+00 -8.9953409043e+00
60 49 63
2 6 3721 217.3980 -212.3160 7 3325 197.1060 -222.7400
1.4156390721e+00 -4.3973819491e+00 -1.3220376332e+01
68 65 75
2 6 3725 70.9870 -219.5580 7 3323 48.4700 -213.4900
2.3446603580e+00 -3.5801738080e+00 -1.0614306283e+01
37 33 48
2 6 3727 145.9850 -222.8710 7 3326 125.2250 -224.8940
8.1122766318e-01 -4.8758159839e+00 -1.4405302337e+01
42 42 51
2 6 3729 37.3280 -223.5400 7 3322 14.2810 -213.7760
-7.7950541074e-01 3.3961474428e+00 -1.0293333939e+01
27 17 13
2 6 3739 -50.4320 217.6945 7 3334 -37.2250 206.1642
2.3991053878e+00 1.7579260350e+00 -5.5777251749e+00
191 166 47
2 6 3743 283.9400 208.0806 7 3348 303.4970 134.2770
1.2516709903e+00 1.4580081385e+00 -5.4569832620e+00
134 93 110
2 6 3753 151.5780 176.5616 7 3178 181.6770 109.8800
-5.8432080590e-01 2.3071838930e+00 -9.6809318422e+00
26 22 21
2 6 3759 -40.1440 157.2590 7 3347 -27.8950 142.1506
8.2718375122e-01 7.9834662338e-01 -5.5263427496e+00
166 21 27
2 6 3782 99.3140 95.7900 7 3210 127.3220 37.3330
-1.4371207540e-01 7.0743846691e-01 -5.3669921217e+00
194 33 50
2 6 3787 -17.7070 87.0910 7 3383 20.8350 33.1160
2.5222423154e+00 7.1027312923e-01 -5.5093378370e+00
214 159 61
2 6 3788 302.4010 85.1080 7 3217 311.7640 18.2700
-1.3001623637e-01 5.7322659944e-01 -5.4403763550e+00
221 210 224
2 6 3792 -15.5350 69.8580 7 3218 20.5320 17.4660
1.5514371760e+00 5.7059310695e-01 -5.8082923050e+00
192 34 55
2 6 3795 176.5970 64.9870 7 3222 194.2470 9.3280
-1.4524056512e-02 4.5168790400e-01 -5.4721651201e+00
228 55 94
2 6 3797 -1.7290 54.5670 7 3224 32.7730 3.3330
-1.4524056512e-02 4.5168790400e-01 -5.4721651201e+00
228 55 94
2 6 3798 -1.7290 54.5670 7 3225 32.7730 3.3330
1.1817362731e+00 1.2252028539e-01 -5.5446432282e+00
189 122 139
2 6 3810 141.0490 14.7770 7 3407 161.0390 -39.2180
6.7787548846e-01 -2.3491202691e+00 -1.2109191175e+01
24 23 26
2 6 3842 37.3480 -127.8360 7 3513 23.5250 -128.8930
1.1241429725e+00 -4.1585827019e+00 -1.4264568896e+01
50 44 52
2 6 3854 52.1030 -192.6170 7 3436 30.3870 -185.1700
2.2784218395e+00 -3.6690802708e+00 -1.0874906603e+01
74 72 95
2 6 3861 138.2030 -223.1900 7 3442 117.7990 -223.6830
-4.4175018436e-02 1.1772787846e+00 -5.7183210460e+00
163 14 25
2 6 3885 -5.1690 135.9900 7 3468 31.0940 84.1120
8.9190264276e-01 5.2257538363e-01 -5.4332024909e+00
212 196 202
2 6 3900 108.1600 63.2970 7 3482 136.0750 6.3570
8.9190264276e-01 5.2257538363e-01 -5.4332024909e+00
212 196 202
2 6 3901 108.1600 63.2970 7 3483 136.0750 6.3570
2.4256410514e+00 3.5603392802e-01 -5.6664215058e+00
217 190 121
2 6 3905 283.1400 41.7120 7 3492 289.5730 -18.9680
-1.7024400643e-01 2.3487166147e-01 -5.5685772132e+00
230 212 228
2 6 3909 -20.9200 27.2020 7 3395 13.8700 -18.7490
-1.2282762205e+00 9.0599461447e-02 -4.8545118698e+00
232 158 173
2 6 3910 -167.4660 12.0490 7 3495 -115.6610 -38.5600
2.2823467850e+00 -7.9144703454e-01 -6.3535817022e+00
208 183 76
2 6 3924 236.8100 -82.7760 7 3566 236.6330 -121.8460
2.1277048525e-01 -2.6056555370e+00 -1.2293443938e+01
101 75 60
2 6 3932 11.5500 -139.9440 7 3514 -1.7160 -138.5120
-1.8943533071e+00 -2.8565667340e+00 -1.2539988668e+01
85 82 101
2 6 3933 -99.7410 -150.4350 7 3515 -110.4840 -143.9350
3.3152689778e-01 -3.4504304992e+00 -1.3147472635e+01
9 9 9
2 6 3934 17.1010 -172.9600 7 3518 -0.7080 -168.5880
2.5512164191e+00 -2.8031873557e+00 -1.0133077699e+01
100 96 118
2 6 3937 166.3050 -182.8650 7 3523 147.9550 -190.0080
-3.0230976755e+00 3.2248682429e+00 -1.1974964133e+01
24 22 27
2 6 3956 -167.3670 177.4431 7 3454 -161.1910 181.1414
6.5339519651e-01 1.1133892237e+00 -5.5952894592e+00
128 9 12
2 6 3961 77.0890 131.4290 7 3543 109.0950 73.6530
1.4276385472e+00 3.3181017756e-01 -5.6886860693e+00
67 9 10
2 6 3974 166.1760 38.8150 7 3555 183.7050 -16.3710
-8.0778064115e-02 1.9461037322e-01 -5.6643117862e+00
199 31 51
2 6 3978 -9.6610 22.4830 7 3400 22.0690 -23.2110
1.8432781925e+00 -1.1069059580e+00 -7.0441654172e+00
200 180 66
2 6 3994 172.9440 -103.8120 7 3568 171.8280 -133.8410
-1.3119648843e+00 -2.9402250116e+00 -1.2574523706e+01
58 58 69
2 6 3996 -68.4350 -153.9480 7 3570 -81.1130 -149.2000
9.9835611862e-01 -3.7056808862e+00 -1.3816299630e+01
51 49 60
2 6 3999 47.7390 -177.2450 7 3573 27.9290 -171.3150
2.5333343709e+00 -3.4061357225e+00 -1.0243048622e+01
72 66 88
2 6 4002 163.2490 -219.9150 7 3578 142.8650 -223.4810
-1.9672060864e-02 1.5313161023e+00 -5.8663454521e+00
160 15 26
2 6 4012 -1.7010 172.9230 7 3583 33.4760 120.3830
2.4947650985e+00 5.8045771515e-01 -5.5988782235e+00
214 155 47
2 6 4030 294.5330 68.5710 7 3597 302.4590 4.4560
-1.0048870157e-01 3.0980582242e-01 -5.5054364591e+00
235 234 242
2 6 4033 -12.2440 37.0170 7 3554 22.1000 -11.7850
2.1313433130e+00 -6.4077475123e-01 -6.4013959203e+00
218 185 69
2 6 4043 220.4140 -65.8180 7 3609 220.5980 -106.8160
1.4757204525e+00 -4.1752183887e+00 -1.2262793942e+01
51 48 65
2 6 4058 79.8720 -224.6230 7 3617 58.4100 -220.8520
5.8243659900e-01 1.5346448802e+00 -5.8074851277e+00
146 12 20
2 6 4064 66.0820 174.4682 7 3625 99.3490 118.2590
5.3075040524e-01 1.3466260418e+00 -5.8267472341e+00
24 8 9
2 6 4066 60.6980 153.1279 7 3626 91.4800 97.5150
1.3748864942e+00 -4.0055088686e+00 -1.3136757416e+01
56 51 64
2 6 4076 69.3550 -201.2820 7 3640 48.1310 -196.4270
1.9940067392e+00 8.3921665496e-01 -6.2637664560e+00
192 132 142
2 6 4081 209.9370 88.2200 7 3652 223.5520 35.5990
-4.9944953464e-02 5.3238300918e-01 -5.4199395751e+00
244 238 244
2 6 4084 -5.9010 65.0780 7 3653 29.6950 12.3320
2.2733416597e+00 6.9323035958e-01 -6.0038434296e+00
217 166 52
2 6 4097 250.2680 76.3400 7 3663 260.2500 18.9220
9.8525008313e-01 -2.9022816175e-01 -5.4518425422e+00
215 147 158
2 6 4099 118.9080 -35.6250 7 3667 140.4110 -84.7130
